This is pdfTeX, Version 3.1415926-2.4-1.40.13 (TeX Live 2012) (format=pdflatex 2012.6.30)  10 AUG 2018 17:17
entering extended mode
 \write18 enabled.
 file:line:error style messages enabled.
 %&-line parsing enabled.
**"/Users/data/Yandex.Disk/work/aspa/zobova/pubs/2018-06 nkr latexian/TSWLatexianTemp_000001.tex"
(/Users/data/Yandex.Disk/work/aspa/zobova/pubs/2018-06 nkr latexian/TSWLatexianTemp_000001.tex
LaTeX2e <2011/06/27>
Babel <v3.8m> and hyphenation patterns for english, dumylang, nohyphenation, german-x-2012-05-30, ngerman-x-2012-05-30, afrikaans, ancientgreek, ibycus, arabic, armenian, basque, bulgarian, catalan, pinyin, coptic, croatian, czech, danish, dutch, ukenglish, usenglishmax, esperanto, estonian, ethiopic, farsi, finnish, french, friulan, galician, german, ngerman, swissgerman, monogreek, greek, hungarian, icelandic, assamese, bengali, gujarati, hindi, kannada, malayalam, marathi, oriya, panjabi, tamil, telugu, indonesian, interlingua, irish, italian, kurmanji, latin, latvian, lithuanian, mongolian, mongolianlmc, bokmal, nynorsk, polish, portuguese, romanian, romansh, russian, sanskrit, serbian, serbianc, slovak, slovenian, spanish, swedish, turkish, turkmen, ukrainian, uppersorbian, welsh, loaded.
(./content/common/imports.tex (/usr/local/texlive/2012/texmf-dist/tex/latex/base/fix-cm.sty
Package: fix-cm 2006/09/13 v1.1m fixes to LaTeX
 (/usr/local/texlive/2012/texmf-dist/tex/latex/base/ts1enc.def
File: ts1enc.def 2001/06/05 v3.0e (jk/car/fm) Standard LaTeX file
)) (/usr/local/texlive/2012/texmf-dist/tex/latex/extsizes/extreport.cls
Document Class: extreport 1996/10/08 v1.0 Non Standard LaTeX document class
(/usr/local/texlive/2012/texmf-dist/tex/latex/extsizes/size14.clo
File: size14.clo 1999/11/11 v1.4a NON-Standard LaTeX file (size option)
) (/usr/local/texlive/2012/texmf-dist/tex/latex/base/exscale.sty
Package: exscale 2007/10/29 v2.1h Standard LaTeX package exscale
LaTeX Font Info:    Redeclaring symbol font `largesymbols' on input line 52.
LaTeX Font Info:    Overwriting symbol font `largesymbols' in version `normal'
(Font)                  OMX/cmex/m/n --> OMX/cmex/m/n on input line 52.
LaTeX Font Info:    Overwriting symbol font `largesymbols' in version `bold'
(Font)                  OMX/cmex/m/n --> OMX/cmex/m/n on input line 52.
\big@size=\dimen102
)
\c@part=\count79
\c@chapter=\count80
\c@section=\count81
\c@subsection=\count82
\c@subsubsection=\count83
\c@paragraph=\count84
\c@subparagraph=\count85
\c@figure=\count86
\c@table=\count87
\abovecaptionskip=\skip41
\belowcaptionskip=\skip42
\bibindent=\dimen103
) (/usr/local/texlive/2012/texmf-dist/tex/latex/amsmath/amsmath.sty
Package: amsmath 2000/07/18 v2.13 AMS math features
\@mathmargin=\skip43

For additional information on amsmath, use the `?' option.
(/usr/local/texlive/2012/texmf-dist/tex/latex/amsmath/amstext.sty
Package: amstext 2000/06/29 v2.01
 (/usr/local/texlive/2012/texmf-dist/tex/latex/amsmath/amsgen.sty
File: amsgen.sty 1999/11/30 v2.0
\@emptytoks=\toks14
\ex@=\dimen104
)) (/usr/local/texlive/2012/texmf-dist/tex/latex/amsmath/amsbsy.sty
Package: amsbsy 1999/11/29 v1.2d
\pmbraise@=\dimen105
) (/usr/local/texlive/2012/texmf-dist/tex/latex/amsmath/amsopn.sty
Package: amsopn 1999/12/14 v2.01 operator names
)
\inf@bad=\count88
LaTeX Info: Redefining \frac on input line 211.
\uproot@=\count89
\leftroot@=\count90
LaTeX Info: Redefining \overline on input line 307.
\classnum@=\count91
\DOTSCASE@=\count92
LaTeX Info: Redefining \ldots on input line 379.
LaTeX Info: Redefining \dots on input line 382.
LaTeX Info: Redefining \cdots on input line 467.
\Mathstrutbox@=\box26
\strutbox@=\box27
\big@size=\dimen106
LaTeX Font Info:    Redeclaring font encoding OML on input line 567.
LaTeX Font Info:    Redeclaring font encoding OMS on input line 568.
\macc@depth=\count93
\c@MaxMatrixCols=\count94
\dotsspace@=\muskip10
\c@parentequation=\count95
\dspbrk@lvl=\count96
\tag@help=\toks15
\row@=\count97
\column@=\count98
\maxfields@=\count99
\andhelp@=\toks16
\eqnshift@=\dimen107
\alignsep@=\dimen108
\tagshift@=\dimen109
\tagwidth@=\dimen110
\totwidth@=\dimen111
\lineht@=\dimen112
\@envbody=\toks17
\multlinegap=\skip44
\multlinetaggap=\skip45
\mathdisplay@stack=\toks18
LaTeX Info: Redefining \[ on input line 2666.
LaTeX Info: Redefining \] on input line 2667.
) (/usr/local/texlive/2012/texmf-dist/tex/latex/amsfonts/amsfonts.sty
Package: amsfonts 2009/06/22 v3.00 Basic AMSFonts support
\symAMSa=\mathgroup4
\symAMSb=\mathgroup5
LaTeX Font Info:    Overwriting math alphabet `\mathfrak' in version `bold'
(Font)                  U/euf/m/n --> U/euf/b/n on input line 96.
) (/usr/local/texlive/2012/texmf-dist/tex/latex/textgreek/textgreek.sty
Package: textgreek 2011/10/09 v0.7 Greek symbols in text
Package textgreek Info: Loading the definitions for the Greek fontencoding. on input line 39.
 (/usr/local/texlive/2012/texmf-dist/tex/generic/babel/lgrenc.def
File: lgrenc.def 2008/06/17 v2.3 Greek Encoding
)
Package textgreek Info: Loaded fontmap: {phv/*/*}{U/psy/*/*} {*/bx/n}{U/eur/b/n} {*/b/n}{U/eur/b/n} {*/*/n}{U/eur/m/n} {*/*/it}{OML/*/*/*}. on input line 69.
) (/usr/local/texlive/2012/texmf-dist/tex/latex/base/fontenc.sty
Package: fontenc 2005/09/27 v1.99g Standard LaTeX package
 (/usr/local/texlive/2012/texmf-dist/tex/latex/cyrillic/t2aenc.def
File: t2aenc.def 2005/09/27 v1.0i Cyrillic encoding definition file
)
LaTeX Font Info:    Try loading font information for T2A+cmr on input line 100.
 (/usr/local/texlive/2012/texmf-dist/tex/latex/cyrillic/t2acmr.fd
File: t2acmr.fd 2001/08/11 v1.0a Computer Modern Cyrillic font definitions
)) (/usr/local/texlive/2012/texmf-dist/tex/latex/base/inputenc.sty
Package: inputenc 2008/03/30 v1.1d Input encoding file
\inpenc@prehook=\toks19
\inpenc@posthook=\toks20
 (/usr/local/texlive/2012/texmf-dist/tex/latex/base/utf8.def
File: utf8.def 2008/04/05 v1.1m UTF-8 support for inputenc
Now handling font encoding OML ...
... no UTF-8 mapping file for font encoding OML
Now handling font encoding T1 ...
... processing UTF-8 mapping file for font encoding T1
 (/usr/local/texlive/2012/texmf-dist/tex/latex/base/t1enc.dfu
File: t1enc.dfu 2008/04/05 v1.1m UTF-8 support for inputenc
   defining Unicode char U+00A1 (decimal 161)
   defining Unicode char U+00A3 (decimal 163)
   defining Unicode char U+00AB (decimal 171)
   defining Unicode char U+00BB (decimal 187)
   defining Unicode char U+00BF (decimal 191)
   defining Unicode char U+00C0 (decimal 192)
   defining Unicode char U+00C1 (decimal 193)
   defining Unicode char U+00C2 (decimal 194)
   defining Unicode char U+00C3 (decimal 195)
   defining Unicode char U+00C4 (decimal 196)
   defining Unicode char U+00C5 (decimal 197)
   defining Unicode char U+00C6 (decimal 198)
   defining Unicode char U+00C7 (decimal 199)
   defining Unicode char U+00C8 (decimal 200)
   defining Unicode char U+00C9 (decimal 201)
   defining Unicode char U+00CA (decimal 202)
   defining Unicode char U+00CB (decimal 203)
   defining Unicode char U+00CC (decimal 204)
   defining Unicode char U+00CD (decimal 205)
   defining Unicode char U+00CE (decimal 206)
   defining Unicode char U+00CF (decimal 207)
   defining Unicode char U+00D0 (decimal 208)
   defining Unicode char U+00D1 (decimal 209)
   defining Unicode char U+00D2 (decimal 210)
   defining Unicode char U+00D3 (decimal 211)
   defining Unicode char U+00D4 (decimal 212)
   defining Unicode char U+00D5 (decimal 213)
   defining Unicode char U+00D6 (decimal 214)
   defining Unicode char U+00D8 (decimal 216)
   defining Unicode char U+00D9 (decimal 217)
   defining Unicode char U+00DA (decimal 218)
   defining Unicode char U+00DB (decimal 219)
   defining Unicode char U+00DC (decimal 220)
   defining Unicode char U+00DD (decimal 221)
   defining Unicode char U+00DE (decimal 222)
   defining Unicode char U+00DF (decimal 223)
   defining Unicode char U+00E0 (decimal 224)
   defining Unicode char U+00E1 (decimal 225)
   defining Unicode char U+00E2 (decimal 226)
   defining Unicode char U+00E3 (decimal 227)
   defining Unicode char U+00E4 (decimal 228)
   defining Unicode char U+00E5 (decimal 229)
   defining Unicode char U+00E6 (decimal 230)
   defining Unicode char U+00E7 (decimal 231)
   defining Unicode char U+00E8 (decimal 232)
   defining Unicode char U+00E9 (decimal 233)
   defining Unicode char U+00EA (decimal 234)
   defining Unicode char U+00EB (decimal 235)
   defining Unicode char U+00EC (decimal 236)
   defining Unicode char U+00ED (decimal 237)
   defining Unicode char U+00EE (decimal 238)
   defining Unicode char U+00EF (decimal 239)
   defining Unicode char U+00F0 (decimal 240)
   defining Unicode char U+00F1 (decimal 241)
   defining Unicode char U+00F2 (decimal 242)
   defining Unicode char U+00F3 (decimal 243)
   defining Unicode char U+00F4 (decimal 244)
   defining Unicode char U+00F5 (decimal 245)
   defining Unicode char U+00F6 (decimal 246)
   defining Unicode char U+00F8 (decimal 248)
   defining Unicode char U+00F9 (decimal 249)
   defining Unicode char U+00FA (decimal 250)
   defining Unicode char U+00FB (decimal 251)
   defining Unicode char U+00FC (decimal 252)
   defining Unicode char U+00FD (decimal 253)
   defining Unicode char U+00FE (decimal 254)
   defining Unicode char U+00FF (decimal 255)
   defining Unicode char U+0102 (decimal 258)
   defining Unicode char U+0103 (decimal 259)
   defining Unicode char U+0104 (decimal 260)
   defining Unicode char U+0105 (decimal 261)
   defining Unicode char U+0106 (decimal 262)
   defining Unicode char U+0107 (decimal 263)
   defining Unicode char U+010C (decimal 268)
   defining Unicode char U+010D (decimal 269)
   defining Unicode char U+010E (decimal 270)
   defining Unicode char U+010F (decimal 271)
   defining Unicode char U+0110 (decimal 272)
   defining Unicode char U+0111 (decimal 273)
   defining Unicode char U+0118 (decimal 280)
   defining Unicode char U+0119 (decimal 281)
   defining Unicode char U+011A (decimal 282)
   defining Unicode char U+011B (decimal 283)
   defining Unicode char U+011E (decimal 286)
   defining Unicode char U+011F (decimal 287)
   defining Unicode char U+0130 (decimal 304)
   defining Unicode char U+0131 (decimal 305)
   defining Unicode char U+0132 (decimal 306)
   defining Unicode char U+0133 (decimal 307)
   defining Unicode char U+0139 (decimal 313)
   defining Unicode char U+013A (decimal 314)
   defining Unicode char U+013D (decimal 317)
   defining Unicode char U+013E (decimal 318)
   defining Unicode char U+0141 (decimal 321)
   defining Unicode char U+0142 (decimal 322)
   defining Unicode char U+0143 (decimal 323)
   defining Unicode char U+0144 (decimal 324)
   defining Unicode char U+0147 (decimal 327)
   defining Unicode char U+0148 (decimal 328)
   defining Unicode char U+014A (decimal 330)
   defining Unicode char U+014B (decimal 331)
   defining Unicode char U+0150 (decimal 336)
   defining Unicode char U+0151 (decimal 337)
   defining Unicode char U+0152 (decimal 338)
   defining Unicode char U+0153 (decimal 339)
   defining Unicode char U+0154 (decimal 340)
   defining Unicode char U+0155 (decimal 341)
   defining Unicode char U+0158 (decimal 344)
   defining Unicode char U+0159 (decimal 345)
   defining Unicode char U+015A (decimal 346)
   defining Unicode char U+015B (decimal 347)
   defining Unicode char U+015E (decimal 350)
   defining Unicode char U+015F (decimal 351)
   defining Unicode char U+0160 (decimal 352)
   defining Unicode char U+0161 (decimal 353)
   defining Unicode char U+0162 (decimal 354)
   defining Unicode char U+0163 (decimal 355)
   defining Unicode char U+0164 (decimal 356)
   defining Unicode char U+0165 (decimal 357)
   defining Unicode char U+016E (decimal 366)
   defining Unicode char U+016F (decimal 367)
   defining Unicode char U+0170 (decimal 368)
   defining Unicode char U+0171 (decimal 369)
   defining Unicode char U+0178 (decimal 376)
   defining Unicode char U+0179 (decimal 377)
   defining Unicode char U+017A (decimal 378)
   defining Unicode char U+017B (decimal 379)
   defining Unicode char U+017C (decimal 380)
   defining Unicode char U+017D (decimal 381)
   defining Unicode char U+017E (decimal 382)
   defining Unicode char U+200C (decimal 8204)
   defining Unicode char U+2013 (decimal 8211)
   defining Unicode char U+2014 (decimal 8212)
   defining Unicode char U+2018 (decimal 8216)
   defining Unicode char U+2019 (decimal 8217)
   defining Unicode char U+201A (decimal 8218)
   defining Unicode char U+201C (decimal 8220)
   defining Unicode char U+201D (decimal 8221)
   defining Unicode char U+201E (decimal 8222)
   defining Unicode char U+2030 (decimal 8240)
   defining Unicode char U+2031 (decimal 8241)
   defining Unicode char U+2039 (decimal 8249)
   defining Unicode char U+203A (decimal 8250)
   defining Unicode char U+2423 (decimal 9251)
)
Now handling font encoding OT1 ...
... processing UTF-8 mapping file for font encoding OT1
 (/usr/local/texlive/2012/texmf-dist/tex/latex/base/ot1enc.dfu
File: ot1enc.dfu 2008/04/05 v1.1m UTF-8 support for inputenc
   defining Unicode char U+00A1 (decimal 161)
   defining Unicode char U+00A3 (decimal 163)
   defining Unicode char U+00B8 (decimal 184)
   defining Unicode char U+00BF (decimal 191)
   defining Unicode char U+00C5 (decimal 197)
   defining Unicode char U+00C6 (decimal 198)
   defining Unicode char U+00D8 (decimal 216)
   defining Unicode char U+00DF (decimal 223)
   defining Unicode char U+00E6 (decimal 230)
   defining Unicode char U+00EC (decimal 236)
   defining Unicode char U+00ED (decimal 237)
   defining Unicode char U+00EE (decimal 238)
   defining Unicode char U+00EF (decimal 239)
   defining Unicode char U+00F8 (decimal 248)
   defining Unicode char U+0131 (decimal 305)
   defining Unicode char U+0141 (decimal 321)
   defining Unicode char U+0142 (decimal 322)
   defining Unicode char U+0152 (decimal 338)
   defining Unicode char U+0153 (decimal 339)
   defining Unicode char U+2013 (decimal 8211)
   defining Unicode char U+2014 (decimal 8212)
   defining Unicode char U+2018 (decimal 8216)
   defining Unicode char U+2019 (decimal 8217)
   defining Unicode char U+201C (decimal 8220)
   defining Unicode char U+201D (decimal 8221)
)
Now handling font encoding OMS ...
... processing UTF-8 mapping file for font encoding OMS
 (/usr/local/texlive/2012/texmf-dist/tex/latex/base/omsenc.dfu
File: omsenc.dfu 2008/04/05 v1.1m UTF-8 support for inputenc
   defining Unicode char U+00A7 (decimal 167)
   defining Unicode char U+00B6 (decimal 182)
   defining Unicode char U+00B7 (decimal 183)
   defining Unicode char U+2020 (decimal 8224)
   defining Unicode char U+2021 (decimal 8225)
   defining Unicode char U+2022 (decimal 8226)
)
Now handling font encoding OMX ...
... no UTF-8 mapping file for font encoding OMX
Now handling font encoding U ...
... no UTF-8 mapping file for font encoding U
Now handling font encoding TS1 ...
... processing UTF-8 mapping file for font encoding TS1
 (/usr/local/texlive/2012/texmf-dist/tex/latex/base/ts1enc.dfu
File: ts1enc.dfu 2008/04/05 v1.1m UTF-8 support for inputenc
   defining Unicode char U+00A2 (decimal 162)
   defining Unicode char U+00A3 (decimal 163)
   defining Unicode char U+00A4 (decimal 164)
   defining Unicode char U+00A5 (decimal 165)
   defining Unicode char U+00A6 (decimal 166)
   defining Unicode char U+00A7 (decimal 167)
   defining Unicode char U+00A8 (decimal 168)
   defining Unicode char U+00A9 (decimal 169)
   defining Unicode char U+00AA (decimal 170)
   defining Unicode char U+00AC (decimal 172)
   defining Unicode char U+00AE (decimal 174)
   defining Unicode char U+00AF (decimal 175)
   defining Unicode char U+00B0 (decimal 176)
   defining Unicode char U+00B1 (decimal 177)
   defining Unicode char U+00B2 (decimal 178)
   defining Unicode char U+00B3 (decimal 179)
   defining Unicode char U+00B4 (decimal 180)
   defining Unicode char U+00B5 (decimal 181)
   defining Unicode char U+00B6 (decimal 182)
   defining Unicode char U+00B7 (decimal 183)
   defining Unicode char U+00B9 (decimal 185)
   defining Unicode char U+00BA (decimal 186)
   defining Unicode char U+00BC (decimal 188)
   defining Unicode char U+00BD (decimal 189)
   defining Unicode char U+00BE (decimal 190)
   defining Unicode char U+00D7 (decimal 215)
   defining Unicode char U+00F7 (decimal 247)
   defining Unicode char U+0192 (decimal 402)
   defining Unicode char U+02C7 (decimal 711)
   defining Unicode char U+02D8 (decimal 728)
   defining Unicode char U+02DD (decimal 733)
   defining Unicode char U+0E3F (decimal 3647)
   defining Unicode char U+2016 (decimal 8214)
   defining Unicode char U+2020 (decimal 8224)
   defining Unicode char U+2021 (decimal 8225)
   defining Unicode char U+2022 (decimal 8226)
   defining Unicode char U+2030 (decimal 8240)
   defining Unicode char U+2031 (decimal 8241)
   defining Unicode char U+203B (decimal 8251)
   defining Unicode char U+203D (decimal 8253)
   defining Unicode char U+2044 (decimal 8260)
   defining Unicode char U+204E (decimal 8270)
   defining Unicode char U+2052 (decimal 8274)
   defining Unicode char U+20A1 (decimal 8353)
   defining Unicode char U+20A4 (decimal 8356)
   defining Unicode char U+20A6 (decimal 8358)
   defining Unicode char U+20A9 (decimal 8361)
   defining Unicode char U+20AB (decimal 8363)
   defining Unicode char U+20AC (decimal 8364)
   defining Unicode char U+20B1 (decimal 8369)
   defining Unicode char U+2103 (decimal 8451)
   defining Unicode char U+2116 (decimal 8470)
   defining Unicode char U+2117 (decimal 8471)
   defining Unicode char U+211E (decimal 8478)
   defining Unicode char U+2120 (decimal 8480)
   defining Unicode char U+2122 (decimal 8482)
   defining Unicode char U+2126 (decimal 8486)
   defining Unicode char U+2127 (decimal 8487)
   defining Unicode char U+212E (decimal 8494)
   defining Unicode char U+2190 (decimal 8592)
   defining Unicode char U+2191 (decimal 8593)
   defining Unicode char U+2192 (decimal 8594)
   defining Unicode char U+2193 (decimal 8595)
   defining Unicode char U+2329 (decimal 9001)
   defining Unicode char U+232A (decimal 9002)
   defining Unicode char U+2422 (decimal 9250)
   defining Unicode char U+25E6 (decimal 9702)
   defining Unicode char U+25EF (decimal 9711)
   defining Unicode char U+266A (decimal 9834)
)
Now handling font encoding LGR ...
... processing UTF-8 mapping file for font encoding LGR
 (/usr/local/texlive/2012/texmf-dist/tex/latex/lgrx/lgrenc.dfu
File: lgrenc.dfu 2010/06/15 0.1 UTF-8 support for Greek
   defining Unicode char U+00A8 (decimal 168)
   defining Unicode char U+00AB (decimal 171)
   defining Unicode char U+00AF (decimal 175)
   defining Unicode char U+00B4 (decimal 180)
   defining Unicode char U+00B7 (decimal 183)
   defining Unicode char U+00BB (decimal 187)
   defining Unicode char U+0259 (decimal 601)
   defining Unicode char U+02D8 (decimal 728)
   defining Unicode char U+200C (decimal 8204)
   defining Unicode char U+2013 (decimal 8211)
   defining Unicode char U+2014 (decimal 8212)
   defining Unicode char U+2018 (decimal 8216)
   defining Unicode char U+2019 (decimal 8217)
   defining Unicode char U+201A (decimal 8218)
   defining Unicode char U+2030 (decimal 8240)
   defining Unicode char U+2039 (decimal 8249)
   defining Unicode char U+203A (decimal 8250)
   defining Unicode char U+20AC (decimal 8364)
   defining Unicode char U+0374 (decimal 884)
   defining Unicode char U+0375 (decimal 885)
   defining Unicode char U+037A (decimal 890)
   defining Unicode char U+037E (decimal 894)
   defining Unicode char U+0384 (decimal 900)
   defining Unicode char U+0385 (decimal 901)
   defining Unicode char U+0386 (decimal 902)
   defining Unicode char U+0387 (decimal 903)
   defining Unicode char U+0388 (decimal 904)
   defining Unicode char U+0389 (decimal 905)
   defining Unicode char U+038A (decimal 906)
   defining Unicode char U+038C (decimal 908)
   defining Unicode char U+038E (decimal 910)
   defining Unicode char U+038F (decimal 911)
   defining Unicode char U+0390 (decimal 912)
   defining Unicode char U+0391 (decimal 913)
   defining Unicode char U+0392 (decimal 914)
   defining Unicode char U+0393 (decimal 915)
   defining Unicode char U+0394 (decimal 916)
   defining Unicode char U+0395 (decimal 917)
   defining Unicode char U+0396 (decimal 918)
   defining Unicode char U+0397 (decimal 919)
   defining Unicode char U+0398 (decimal 920)
   defining Unicode char U+0399 (decimal 921)
   defining Unicode char U+039A (decimal 922)
   defining Unicode char U+039B (decimal 923)
   defining Unicode char U+039C (decimal 924)
   defining Unicode char U+039D (decimal 925)
   defining Unicode char U+039E (decimal 926)
   defining Unicode char U+039F (decimal 927)
   defining Unicode char U+03A0 (decimal 928)
   defining Unicode char U+03A1 (decimal 929)
   defining Unicode char U+03A3 (decimal 931)
   defining Unicode char U+03A4 (decimal 932)
   defining Unicode char U+03A5 (decimal 933)
   defining Unicode char U+03A6 (decimal 934)
   defining Unicode char U+03A7 (decimal 935)
   defining Unicode char U+03A8 (decimal 936)
   defining Unicode char U+03A9 (decimal 937)
   defining Unicode char U+03AA (decimal 938)
   defining Unicode char U+03AB (decimal 939)
   defining Unicode char U+03AC (decimal 940)
   defining Unicode char U+03AD (decimal 941)
   defining Unicode char U+03AE (decimal 942)
   defining Unicode char U+03AF (decimal 943)
   defining Unicode char U+03B0 (decimal 944)
   defining Unicode char U+03B1 (decimal 945)
   defining Unicode char U+03B2 (decimal 946)
   defining Unicode char U+03B3 (decimal 947)
   defining Unicode char U+03B4 (decimal 948)
   defining Unicode char U+03B5 (decimal 949)
   defining Unicode char U+03B6 (decimal 950)
   defining Unicode char U+03B7 (decimal 951)
   defining Unicode char U+03B8 (decimal 952)
   defining Unicode char U+03B9 (decimal 953)
   defining Unicode char U+03BA (decimal 954)
   defining Unicode char U+03BB (decimal 955)
   defining Unicode char U+03BC (decimal 956)
   defining Unicode char U+03BD (decimal 957)
   defining Unicode char U+03BE (decimal 958)
   defining Unicode char U+03BF (decimal 959)
   defining Unicode char U+03C0 (decimal 960)
   defining Unicode char U+03C1 (decimal 961)
   defining Unicode char U+03C2 (decimal 962)
   defining Unicode char U+03C3 (decimal 963)
   defining Unicode char U+03C4 (decimal 964)
   defining Unicode char U+03C5 (decimal 965)
   defining Unicode char U+03C6 (decimal 966)
   defining Unicode char U+03C7 (decimal 967)
   defining Unicode char U+03C8 (decimal 968)
   defining Unicode char U+03C9 (decimal 969)
   defining Unicode char U+03CA (decimal 970)
   defining Unicode char U+03CB (decimal 971)
   defining Unicode char U+03CC (decimal 972)
   defining Unicode char U+03CD (decimal 973)
   defining Unicode char U+03CE (decimal 974)
   defining Unicode char U+03D8 (decimal 984)
   defining Unicode char U+03D9 (decimal 985)
   defining Unicode char U+03DA (decimal 986)
   defining Unicode char U+03DB (decimal 987)
   defining Unicode char U+03DC (decimal 988)
   defining Unicode char U+03DD (decimal 989)
   defining Unicode char U+03DF (decimal 991)
   defining Unicode char U+03E0 (decimal 992)
   defining Unicode char U+03E1 (decimal 993)
   defining Unicode char U+1F00 (decimal 7936)
   defining Unicode char U+1F01 (decimal 7937)
   defining Unicode char U+1F02 (decimal 7938)
   defining Unicode char U+1F03 (decimal 7939)
   defining Unicode char U+1F04 (decimal 7940)
   defining Unicode char U+1F05 (decimal 7941)
   defining Unicode char U+1F06 (decimal 7942)
   defining Unicode char U+1F07 (decimal 7943)
   defining Unicode char U+1F08 (decimal 7944)
   defining Unicode char U+1F09 (decimal 7945)
   defining Unicode char U+1F0A (decimal 7946)
   defining Unicode char U+1F0B (decimal 7947)
   defining Unicode char U+1F0C (decimal 7948)
   defining Unicode char U+1F0D (decimal 7949)
   defining Unicode char U+1F0E (decimal 7950)
   defining Unicode char U+1F0F (decimal 7951)
   defining Unicode char U+1F10 (decimal 7952)
   defining Unicode char U+1F11 (decimal 7953)
   defining Unicode char U+1F12 (decimal 7954)
   defining Unicode char U+1F13 (decimal 7955)
   defining Unicode char U+1F14 (decimal 7956)
   defining Unicode char U+1F15 (decimal 7957)
   defining Unicode char U+1F18 (decimal 7960)
   defining Unicode char U+1F19 (decimal 7961)
   defining Unicode char U+1F1A (decimal 7962)
   defining Unicode char U+1F1B (decimal 7963)
   defining Unicode char U+1F1C (decimal 7964)
   defining Unicode char U+1F1D (decimal 7965)
   defining Unicode char U+1F20 (decimal 7968)
   defining Unicode char U+1F21 (decimal 7969)
   defining Unicode char U+1F22 (decimal 7970)
   defining Unicode char U+1F23 (decimal 7971)
   defining Unicode char U+1F24 (decimal 7972)
   defining Unicode char U+1F25 (decimal 7973)
   defining Unicode char U+1F26 (decimal 7974)
   defining Unicode char U+1F27 (decimal 7975)
   defining Unicode char U+1F28 (decimal 7976)
   defining Unicode char U+1F29 (decimal 7977)
   defining Unicode char U+1F2A (decimal 7978)
   defining Unicode char U+1F2B (decimal 7979)
   defining Unicode char U+1F2C (decimal 7980)
   defining Unicode char U+1F2D (decimal 7981)
   defining Unicode char U+1F2E (decimal 7982)
   defining Unicode char U+1F2F (decimal 7983)
   defining Unicode char U+1F30 (decimal 7984)
   defining Unicode char U+1F31 (decimal 7985)
   defining Unicode char U+1F32 (decimal 7986)
   defining Unicode char U+1F33 (decimal 7987)
   defining Unicode char U+1F34 (decimal 7988)
   defining Unicode char U+1F35 (decimal 7989)
   defining Unicode char U+1F36 (decimal 7990)
   defining Unicode char U+1F37 (decimal 7991)
   defining Unicode char U+1F38 (decimal 7992)
   defining Unicode char U+1F39 (decimal 7993)
   defining Unicode char U+1F3A (decimal 7994)
   defining Unicode char U+1F3B (decimal 7995)
   defining Unicode char U+1F3C (decimal 7996)
   defining Unicode char U+1F3D (decimal 7997)
   defining Unicode char U+1F3E (decimal 7998)
   defining Unicode char U+1F3F (decimal 7999)
   defining Unicode char U+1F40 (decimal 8000)
   defining Unicode char U+1F41 (decimal 8001)
   defining Unicode char U+1F42 (decimal 8002)
   defining Unicode char U+1F43 (decimal 8003)
   defining Unicode char U+1F44 (decimal 8004)
   defining Unicode char U+1F45 (decimal 8005)
   defining Unicode char U+1F48 (decimal 8008)
   defining Unicode char U+1F49 (decimal 8009)
   defining Unicode char U+1F4A (decimal 8010)
   defining Unicode char U+1F4B (decimal 8011)
   defining Unicode char U+1F4C (decimal 8012)
   defining Unicode char U+1F4D (decimal 8013)
   defining Unicode char U+1F50 (decimal 8016)
   defining Unicode char U+1F51 (decimal 8017)
   defining Unicode char U+1F52 (decimal 8018)
   defining Unicode char U+1F53 (decimal 8019)
   defining Unicode char U+1F54 (decimal 8020)
   defining Unicode char U+1F55 (decimal 8021)
   defining Unicode char U+1F56 (decimal 8022)
   defining Unicode char U+1F57 (decimal 8023)
   defining Unicode char U+1F59 (decimal 8025)
   defining Unicode char U+1F5B (decimal 8027)
   defining Unicode char U+1F5D (decimal 8029)
   defining Unicode char U+1F5F (decimal 8031)
   defining Unicode char U+1F60 (decimal 8032)
   defining Unicode char U+1F61 (decimal 8033)
   defining Unicode char U+1F62 (decimal 8034)
   defining Unicode char U+1F63 (decimal 8035)
   defining Unicode char U+1F64 (decimal 8036)
   defining Unicode char U+1F65 (decimal 8037)
   defining Unicode char U+1F66 (decimal 8038)
   defining Unicode char U+1F67 (decimal 8039)
   defining Unicode char U+1F68 (decimal 8040)
   defining Unicode char U+1F69 (decimal 8041)
   defining Unicode char U+1F6A (decimal 8042)
   defining Unicode char U+1F6B (decimal 8043)
   defining Unicode char U+1F6C (decimal 8044)
   defining Unicode char U+1F6D (decimal 8045)
   defining Unicode char U+1F6E (decimal 8046)
   defining Unicode char U+1F6F (decimal 8047)
   defining Unicode char U+1F70 (decimal 8048)
   defining Unicode char U+1F71 (decimal 8049)
   defining Unicode char U+1F72 (decimal 8050)
   defining Unicode char U+1F73 (decimal 8051)
   defining Unicode char U+1F74 (decimal 8052)
   defining Unicode char U+1F75 (decimal 8053)
   defining Unicode char U+1F76 (decimal 8054)
   defining Unicode char U+1F77 (decimal 8055)
   defining Unicode char U+1F78 (decimal 8056)
   defining Unicode char U+1F79 (decimal 8057)
   defining Unicode char U+1F7A (decimal 8058)
   defining Unicode char U+1F7B (decimal 8059)
   defining Unicode char U+1F7C (decimal 8060)
   defining Unicode char U+1F7D (decimal 8061)
   defining Unicode char U+1F80 (decimal 8064)
   defining Unicode char U+1F81 (decimal 8065)
   defining Unicode char U+1F82 (decimal 8066)
   defining Unicode char U+1F83 (decimal 8067)
   defining Unicode char U+1F84 (decimal 8068)
   defining Unicode char U+1F85 (decimal 8069)
   defining Unicode char U+1F86 (decimal 8070)
   defining Unicode char U+1F87 (decimal 8071)
   defining Unicode char U+1F88 (decimal 8072)
   defining Unicode char U+1F89 (decimal 8073)
   defining Unicode char U+1F8A (decimal 8074)
   defining Unicode char U+1F8B (decimal 8075)
   defining Unicode char U+1F8C (decimal 8076)
   defining Unicode char U+1F8D (decimal 8077)
   defining Unicode char U+1F8E (decimal 8078)
   defining Unicode char U+1F8F (decimal 8079)
   defining Unicode char U+1F90 (decimal 8080)
   defining Unicode char U+1F91 (decimal 8081)
   defining Unicode char U+1F92 (decimal 8082)
   defining Unicode char U+1F93 (decimal 8083)
   defining Unicode char U+1F94 (decimal 8084)
   defining Unicode char U+1F95 (decimal 8085)
   defining Unicode char U+1F96 (decimal 8086)
   defining Unicode char U+1F97 (decimal 8087)
   defining Unicode char U+1F98 (decimal 8088)
   defining Unicode char U+1F99 (decimal 8089)
   defining Unicode char U+1F9A (decimal 8090)
   defining Unicode char U+1F9B (decimal 8091)
   defining Unicode char U+1F9C (decimal 8092)
   defining Unicode char U+1F9D (decimal 8093)
   defining Unicode char U+1F9E (decimal 8094)
   defining Unicode char U+1F9F (decimal 8095)
   defining Unicode char U+1FA0 (decimal 8096)
   defining Unicode char U+1FA1 (decimal 8097)
   defining Unicode char U+1FA2 (decimal 8098)
   defining Unicode char U+1FA3 (decimal 8099)
   defining Unicode char U+1FA4 (decimal 8100)
   defining Unicode char U+1FA5 (decimal 8101)
   defining Unicode char U+1FA6 (decimal 8102)
   defining Unicode char U+1FA7 (decimal 8103)
   defining Unicode char U+1FA8 (decimal 8104)
   defining Unicode char U+1FA9 (decimal 8105)
   defining Unicode char U+1FAA (decimal 8106)
   defining Unicode char U+1FAB (decimal 8107)
   defining Unicode char U+1FAC (decimal 8108)
   defining Unicode char U+1FAD (decimal 8109)
   defining Unicode char U+1FAE (decimal 8110)
   defining Unicode char U+1FAF (decimal 8111)
   defining Unicode char U+1FB0 (decimal 8112)
   defining Unicode char U+1FB1 (decimal 8113)
   defining Unicode char U+1FB2 (decimal 8114)
   defining Unicode char U+1FB3 (decimal 8115)
   defining Unicode char U+1FB4 (decimal 8116)
   defining Unicode char U+1FB6 (decimal 8118)
   defining Unicode char U+1FB7 (decimal 8119)
   defining Unicode char U+1FB8 (decimal 8120)
   defining Unicode char U+1FB9 (decimal 8121)
   defining Unicode char U+1FBA (decimal 8122)
   defining Unicode char U+1FBB (decimal 8123)
   defining Unicode char U+1FBC (decimal 8124)
   defining Unicode char U+1FBD (decimal 8125)
   defining Unicode char U+1FBE (decimal 8126)
   defining Unicode char U+1FBF (decimal 8127)
   defining Unicode char U+1FC0 (decimal 8128)
   defining Unicode char U+1FC1 (decimal 8129)
   defining Unicode char U+1FC2 (decimal 8130)
   defining Unicode char U+1FC3 (decimal 8131)
   defining Unicode char U+1FC4 (decimal 8132)
   defining Unicode char U+1FC6 (decimal 8134)
   defining Unicode char U+1FC7 (decimal 8135)
   defining Unicode char U+1FC8 (decimal 8136)
   defining Unicode char U+1FC9 (decimal 8137)
   defining Unicode char U+1FCA (decimal 8138)
   defining Unicode char U+1FCB (decimal 8139)
   defining Unicode char U+1FCC (decimal 8140)
   defining Unicode char U+1FCD (decimal 8141)
   defining Unicode char U+1FCE (decimal 8142)
   defining Unicode char U+1FCF (decimal 8143)
   defining Unicode char U+1FD0 (decimal 8144)
   defining Unicode char U+1FD1 (decimal 8145)
   defining Unicode char U+1FD2 (decimal 8146)
   defining Unicode char U+1FD3 (decimal 8147)
   defining Unicode char U+1FD6 (decimal 8150)
   defining Unicode char U+1FD7 (decimal 8151)
   defining Unicode char U+1FD8 (decimal 8152)
   defining Unicode char U+1FD9 (decimal 8153)
   defining Unicode char U+1FDA (decimal 8154)
   defining Unicode char U+1FDB (decimal 8155)
   defining Unicode char U+1FDD (decimal 8157)
   defining Unicode char U+1FDE (decimal 8158)
   defining Unicode char U+1FDF (decimal 8159)
   defining Unicode char U+1FE0 (decimal 8160)
   defining Unicode char U+1FE1 (decimal 8161)
   defining Unicode char U+1FE2 (decimal 8162)
   defining Unicode char U+1FE3 (decimal 8163)
   defining Unicode char U+1FE4 (decimal 8164)
   defining Unicode char U+1FE5 (decimal 8165)
   defining Unicode char U+1FE6 (decimal 8166)
   defining Unicode char U+1FE7 (decimal 8167)
   defining Unicode char U+1FE8 (decimal 8168)
   defining Unicode char U+1FE9 (decimal 8169)
   defining Unicode char U+1FEA (decimal 8170)
   defining Unicode char U+1FEB (decimal 8171)
   defining Unicode char U+1FEC (decimal 8172)
   defining Unicode char U+1FED (decimal 8173)
   defining Unicode char U+1FEE (decimal 8174)
   defining Unicode char U+1FEF (decimal 8175)
   defining Unicode char U+1FF2 (decimal 8178)
   defining Unicode char U+1FF3 (decimal 8179)
   defining Unicode char U+1FF4 (decimal 8180)
   defining Unicode char U+1FF6 (decimal 8182)
   defining Unicode char U+1FF7 (decimal 8183)
   defining Unicode char U+1FF8 (decimal 8184)
   defining Unicode char U+1FF9 (decimal 8185)
   defining Unicode char U+1FFA (decimal 8186)
   defining Unicode char U+1FFB (decimal 8187)
   defining Unicode char U+1FFC (decimal 8188)
   defining Unicode char U+1FFD (decimal 8189)
   defining Unicode char U+1FFE (decimal 8190)
   defining Unicode char U+2013 (decimal 8211)
   defining Unicode char U+2014 (decimal 8212)
   defining Unicode char U+2018 (decimal 8216)
   defining Unicode char U+2019 (decimal 8217)
   defining Unicode char U+2030 (decimal 8240)
   defining Unicode char U+20AC (decimal 8364)
   defining Unicode char U+10144 (decimal 65860)
   defining Unicode char U+10145 (decimal 65861)
   defining Unicode char U+10146 (decimal 65862)
   defining Unicode char U+10147 (decimal 65863)
)
Now handling font encoding T2A ...
... processing UTF-8 mapping file for font encoding T2A
 (/usr/local/texlive/2012/texmf-dist/tex/latex/base/t2aenc.dfu
File: t2aenc.dfu 2008/04/05 v1.1m UTF-8 support for inputenc
   defining Unicode char U+00A4 (decimal 164)
   defining Unicode char U+00A7 (decimal 167)
   defining Unicode char U+00AB (decimal 171)
   defining Unicode char U+00BB (decimal 187)
   defining Unicode char U+0131 (decimal 305)
   defining Unicode char U+0400 (decimal 1024)
   defining Unicode char U+0401 (decimal 1025)
   defining Unicode char U+0402 (decimal 1026)
   defining Unicode char U+0403 (decimal 1027)
   defining Unicode char U+0404 (decimal 1028)
   defining Unicode char U+0405 (decimal 1029)
   defining Unicode char U+0406 (decimal 1030)
   defining Unicode char U+0407 (decimal 1031)
   defining Unicode char U+0408 (decimal 1032)
   defining Unicode char U+0409 (decimal 1033)
   defining Unicode char U+040A (decimal 1034)
   defining Unicode char U+040B (decimal 1035)
   defining Unicode char U+040C (decimal 1036)
   defining Unicode char U+040D (decimal 1037)
   defining Unicode char U+040E (decimal 1038)
   defining Unicode char U+040F (decimal 1039)
   defining Unicode char U+0410 (decimal 1040)
   defining Unicode char U+0411 (decimal 1041)
   defining Unicode char U+0412 (decimal 1042)
   defining Unicode char U+0413 (decimal 1043)
   defining Unicode char U+0414 (decimal 1044)
   defining Unicode char U+0415 (decimal 1045)
   defining Unicode char U+0416 (decimal 1046)
   defining Unicode char U+0417 (decimal 1047)
   defining Unicode char U+0418 (decimal 1048)
   defining Unicode char U+0419 (decimal 1049)
   defining Unicode char U+041A (decimal 1050)
   defining Unicode char U+041B (decimal 1051)
   defining Unicode char U+041C (decimal 1052)
   defining Unicode char U+041D (decimal 1053)
   defining Unicode char U+041E (decimal 1054)
   defining Unicode char U+041F (decimal 1055)
   defining Unicode char U+0420 (decimal 1056)
   defining Unicode char U+0421 (decimal 1057)
   defining Unicode char U+0422 (decimal 1058)
   defining Unicode char U+0423 (decimal 1059)
   defining Unicode char U+0424 (decimal 1060)
   defining Unicode char U+0425 (decimal 1061)
   defining Unicode char U+0426 (decimal 1062)
   defining Unicode char U+0427 (decimal 1063)
   defining Unicode char U+0428 (decimal 1064)
   defining Unicode char U+0429 (decimal 1065)
   defining Unicode char U+042A (decimal 1066)
   defining Unicode char U+042B (decimal 1067)
   defining Unicode char U+042C (decimal 1068)
   defining Unicode char U+042D (decimal 1069)
   defining Unicode char U+042E (decimal 1070)
   defining Unicode char U+042F (decimal 1071)
   defining Unicode char U+0430 (decimal 1072)
   defining Unicode char U+0431 (decimal 1073)
   defining Unicode char U+0432 (decimal 1074)
   defining Unicode char U+0433 (decimal 1075)
   defining Unicode char U+0434 (decimal 1076)
   defining Unicode char U+0435 (decimal 1077)
   defining Unicode char U+0436 (decimal 1078)
   defining Unicode char U+0437 (decimal 1079)
   defining Unicode char U+0438 (decimal 1080)
   defining Unicode char U+0439 (decimal 1081)
   defining Unicode char U+043A (decimal 1082)
   defining Unicode char U+043B (decimal 1083)
   defining Unicode char U+043C (decimal 1084)
   defining Unicode char U+043D (decimal 1085)
   defining Unicode char U+043E (decimal 1086)
   defining Unicode char U+043F (decimal 1087)
   defining Unicode char U+0440 (decimal 1088)
   defining Unicode char U+0441 (decimal 1089)
   defining Unicode char U+0442 (decimal 1090)
   defining Unicode char U+0443 (decimal 1091)
   defining Unicode char U+0444 (decimal 1092)
   defining Unicode char U+0445 (decimal 1093)
   defining Unicode char U+0446 (decimal 1094)
   defining Unicode char U+0447 (decimal 1095)
   defining Unicode char U+0448 (decimal 1096)
   defining Unicode char U+0449 (decimal 1097)
   defining Unicode char U+044A (decimal 1098)
   defining Unicode char U+044B (decimal 1099)
   defining Unicode char U+044C (decimal 1100)
   defining Unicode char U+044D (decimal 1101)
   defining Unicode char U+044E (decimal 1102)
   defining Unicode char U+044F (decimal 1103)
   defining Unicode char U+0450 (decimal 1104)
   defining Unicode char U+0451 (decimal 1105)
   defining Unicode char U+0452 (decimal 1106)
   defining Unicode char U+0453 (decimal 1107)
   defining Unicode char U+0454 (decimal 1108)
   defining Unicode char U+0455 (decimal 1109)
   defining Unicode char U+0456 (decimal 1110)
   defining Unicode char U+0457 (decimal 1111)
   defining Unicode char U+0458 (decimal 1112)
   defining Unicode char U+0459 (decimal 1113)
   defining Unicode char U+045A (decimal 1114)
   defining Unicode char U+045B (decimal 1115)
   defining Unicode char U+045C (decimal 1116)
   defining Unicode char U+045D (decimal 1117)
   defining Unicode char U+045E (decimal 1118)
   defining Unicode char U+045F (decimal 1119)
   defining Unicode char U+0490 (decimal 1168)
   defining Unicode char U+0491 (decimal 1169)
   defining Unicode char U+0492 (decimal 1170)
   defining Unicode char U+0493 (decimal 1171)
   defining Unicode char U+0496 (decimal 1174)
   defining Unicode char U+0497 (decimal 1175)
   defining Unicode char U+0498 (decimal 1176)
   defining Unicode char U+0499 (decimal 1177)
   defining Unicode char U+049A (decimal 1178)
   defining Unicode char U+049B (decimal 1179)
   defining Unicode char U+049C (decimal 1180)
   defining Unicode char U+049D (decimal 1181)
   defining Unicode char U+04A0 (decimal 1184)
   defining Unicode char U+04A1 (decimal 1185)
   defining Unicode char U+04A2 (decimal 1186)
   defining Unicode char U+04A3 (decimal 1187)
   defining Unicode char U+04A4 (decimal 1188)
   defining Unicode char U+04A5 (decimal 1189)
   defining Unicode char U+04AA (decimal 1194)
   defining Unicode char U+04AB (decimal 1195)
   defining Unicode char U+04AE (decimal 1198)
   defining Unicode char U+04AF (decimal 1199)
   defining Unicode char U+04B0 (decimal 1200)
   defining Unicode char U+04B1 (decimal 1201)
   defining Unicode char U+04B2 (decimal 1202)
   defining Unicode char U+04B3 (decimal 1203)
   defining Unicode char U+04B6 (decimal 1206)
   defining Unicode char U+04B7 (decimal 1207)
   defining Unicode char U+04B8 (decimal 1208)
   defining Unicode char U+04B9 (decimal 1209)
   defining Unicode char U+04BA (decimal 1210)
   defining Unicode char U+04BB (decimal 1211)
   defining Unicode char U+04C0 (decimal 1216)
   defining Unicode char U+04C1 (decimal 1217)
   defining Unicode char U+04C2 (decimal 1218)
   defining Unicode char U+04D0 (decimal 1232)
   defining Unicode char U+04D1 (decimal 1233)
   defining Unicode char U+04D2 (decimal 1234)
   defining Unicode char U+04D3 (decimal 1235)
   defining Unicode char U+04D4 (decimal 1236)
   defining Unicode char U+04D5 (decimal 1237)
   defining Unicode char U+04D6 (decimal 1238)
   defining Unicode char U+04D7 (decimal 1239)
   defining Unicode char U+04D8 (decimal 1240)
   defining Unicode char U+04D9 (decimal 1241)
   defining Unicode char U+04DA (decimal 1242)
   defining Unicode char U+04DB (decimal 1243)
   defining Unicode char U+04DC (decimal 1244)
   defining Unicode char U+04DD (decimal 1245)
   defining Unicode char U+04DE (decimal 1246)
   defining Unicode char U+04DF (decimal 1247)
   defining Unicode char U+04E2 (decimal 1250)
   defining Unicode char U+04E3 (decimal 1251)
   defining Unicode char U+04E4 (decimal 1252)
   defining Unicode char U+04E5 (decimal 1253)
   defining Unicode char U+04E6 (decimal 1254)
   defining Unicode char U+04E7 (decimal 1255)
   defining Unicode char U+04E8 (decimal 1256)
   defining Unicode char U+04E9 (decimal 1257)
   defining Unicode char U+04EC (decimal 1260)
   defining Unicode char U+04ED (decimal 1261)
   defining Unicode char U+04EE (decimal 1262)
   defining Unicode char U+04EF (decimal 1263)
   defining Unicode char U+04F0 (decimal 1264)
   defining Unicode char U+04F1 (decimal 1265)
   defining Unicode char U+04F2 (decimal 1266)
   defining Unicode char U+04F3 (decimal 1267)
   defining Unicode char U+04F4 (decimal 1268)
   defining Unicode char U+04F5 (decimal 1269)
   defining Unicode char U+04F8 (decimal 1272)
   defining Unicode char U+04F9 (decimal 1273)
   defining Unicode char U+200C (decimal 8204)
   defining Unicode char U+2013 (decimal 8211)
   defining Unicode char U+2014 (decimal 8212)
   defining Unicode char U+2018 (decimal 8216)
   defining Unicode char U+2019 (decimal 8217)
   defining Unicode char U+201C (decimal 8220)
   defining Unicode char U+201D (decimal 8221)
   defining Unicode char U+201E (decimal 8222)
   defining Unicode char U+2030 (decimal 8240)
   defining Unicode char U+2031 (decimal 8241)
   defining Unicode char U+2116 (decimal 8470)
   defining Unicode char U+2329 (decimal 9001)
   defining Unicode char U+232A (decimal 9002)
   defining Unicode char U+2423 (decimal 9251)
)
   defining Unicode char U+00A9 (decimal 169)
   defining Unicode char U+00AA (decimal 170)
   defining Unicode char U+00AE (decimal 174)
   defining Unicode char U+00BA (decimal 186)
   defining Unicode char U+02C6 (decimal 710)
   defining Unicode char U+02DC (decimal 732)
   defining Unicode char U+200C (decimal 8204)
   defining Unicode char U+2026 (decimal 8230)
   defining Unicode char U+2122 (decimal 8482)
   defining Unicode char U+2423 (decimal 9251)
)) (/usr/local/texlive/2012/texmf-dist/tex/generic/babel/babel.sty
Package: babel 2008/07/08 v3.8m The Babel package
 (/usr/local/texlive/2012/texmf-dist/tex/generic/babel/russianb.ldf
Language: russianb 2008/03/21 v1.1r Russian support from the babel system
 (/usr/local/texlive/2012/texmf-dist/tex/generic/babel/babel.def
File: babel.def 2008/07/08 v3.8m Babel common definitions
\babel@savecnt=\count100
\U@D=\dimen113
)
Package babel Info: Making " an active character on input line 199.
)) (/usr/local/texlive/2012/texmf/tex/latex/asymptote/asymptote.sty
Package: asymptote 2011/11/29 v1.26 Asymptote style file for LaTeX
\ASYbox=\box28
\c@asy=\count101
\AsyStream=\write3
\AsyPreStream=\write4
 (/usr/local/texlive/2012/texmf-dist/tex/latex/graphics/keyval.sty
Package: keyval 1999/03/16 v1.13 key=value parser (DPC)
\KV@toks@=\toks21
) (/usr/local/texlive/2012/texmf-dist/tex/latex/base/ifthen.sty
Package: ifthen 2001/05/26 v1.1c Standard LaTeX ifthen package (DPC)
) (/usr/local/texlive/2012/texmf-dist/tex/latex/graphics/color.sty
Package: color 2005/11/14 v1.0j Standard LaTeX Color (DPC)
 (/usr/local/texlive/2012/texmf-dist/tex/latex/latexconfig/color.cfg
File: color.cfg 2007/01/18 v1.5 color configuration of teTeX/TeXLive
)
Package color Info: Driver file: pdftex.def on input line 130.
 (/usr/local/texlive/2012/texmf-dist/tex/latex/pdftex-def/pdftex.def
File: pdftex.def 2011/05/27 v0.06d Graphics/color for pdfTeX
 (/usr/local/texlive/2012/texmf-dist/tex/generic/oberdiek/infwarerr.sty
Package: infwarerr 2010/04/08 v1.3 Providing info/warning/error messages (HO)
) (/usr/local/texlive/2012/texmf-dist/tex/generic/oberdiek/ltxcmds.sty
Package: ltxcmds 2011/11/09 v1.22 LaTeX kernel commands for general use (HO)
)
\Gread@gobject=\count102
)) (/usr/local/texlive/2012/texmf-dist/tex/latex/graphics/graphicx.sty
Package: graphicx 1999/02/16 v1.0f Enhanced LaTeX Graphics (DPC,SPQR)
 (/usr/local/texlive/2012/texmf-dist/tex/latex/graphics/graphics.sty
Package: graphics 2009/02/05 v1.0o Standard LaTeX Graphics (DPC,SPQR)
 (/usr/local/texlive/2012/texmf-dist/tex/latex/graphics/trig.sty
Package: trig 1999/03/16 v1.09 sin cos tan (DPC)
) (/usr/local/texlive/2012/texmf-dist/tex/latex/latexconfig/graphics.cfg
File: graphics.cfg 2010/04/23 v1.9 graphics configuration of TeX Live
)
Package graphics Info: Driver file: pdftex.def on input line 91.
)
\Gin@req@height=\dimen114
\Gin@req@width=\dimen115
) (/usr/local/texlive/2012/texmf-dist/tex/generic/oberdiek/ifpdf.sty
Package: ifpdf 2011/01/30 v2.3 Provides the ifpdf switch (HO)
Package ifpdf Info: pdfTeX in PDF mode is detected.
) (/usr/local/texlive/2012/texmf-dist/tex/generic/ifxetex/ifxetex.sty
Package: ifxetex 2010/09/12 v0.6 Provides ifxetex conditional
) (/usr/local/texlive/2012/texmf-dist/tex/generic/oberdiek/catchfile.sty
Package: catchfile 2011/03/01 v1.6 Catch the contents of a file (HO)
 (/usr/local/texlive/2012/texmf-dist/tex/generic/oberdiek/etexcmds.sty
Package: etexcmds 2011/02/16 v1.5 Avoid name clashes with e-TeX commands (HO)
 (/usr/local/texlive/2012/texmf-dist/tex/generic/oberdiek/ifluatex.sty
Package: ifluatex 2010/03/01 v1.3 Provides the ifluatex switch (HO)
Package ifluatex Info: LuaTeX not detected.
)
Package etexcmds Info: Could not find \expanded.
(etexcmds)             That can mean that you are not using pdfTeX 1.50 or
(etexcmds)             that some package has redefined \expanded.
(etexcmds)             In the latter case, load this package earlier.
))
\openout4 = `TSWLatexianTemp_000001.pre'.

) (/usr/local/texlive/2012/texmf-dist/tex/latex/float/float.sty
Package: float 2001/11/08 v1.3d Float enhancements (AL)
\c@float@type=\count103
\float@exts=\toks22
\float@box=\box29
\@float@everytoks=\toks23
\@floatcapt=\box30
) (/usr/local/texlive/2012/texmf-dist/tex/latex/marginnote/marginnote.sty
Package: marginnote 2012/03/29 v1.1i non floating margin notes for LaTeX
\c@mn@abspage=\count104
) (/usr/local/texlive/2012/texmf-dist/tex/latex/caption/subcaption.sty
Package: subcaption 2012/01/12 v1.1d Sub-captions (AR)
 (/usr/local/texlive/2012/texmf-dist/tex/latex/caption/caption.sty
Package: caption 2012/02/19 v3.2f Customizing captions (AR)
 (/usr/local/texlive/2012/texmf-dist/tex/latex/caption/caption3.sty
Package: caption3 2012/01/12 v1.4b caption3 kernel (AR)
\captionmargin=\dimen116
\captionmargin@=\dimen117
\captionwidth=\dimen118
\caption@indent=\dimen119
\caption@parindent=\dimen120
\caption@hangindent=\dimen121
)
\c@ContinuedFloat=\count105
Package caption Info: float package is loaded.
)
\c@subfigure=\count106
\c@subtable=\count107
) (/usr/local/texlive/2012/texmf-dist/tex/latex/cite/cite.sty
LaTeX Info: Redefining \cite on input line 302.
LaTeX Info: Redefining \nocite on input line 373.
Package: cite 2010/09/10  v 5.3
) (/usr/local/texlive/2012/texmf-dist/tex/latex/amsfonts/amssymb.sty
Package: amssymb 2009/06/22 v3.00
) (/usr/local/texlive/2012/texmf-dist/tex/latex/enumitem/enumitem.sty
Package: enumitem 2011/09/28 v3.5.2 Customized lists
\labelindent=\skip46
\enit@outerparindent=\dimen122
\enit@toks=\toks24
\enit@inbox=\box31
\enitdp@description=\count108
) (/usr/local/texlive/2012/texmf-dist/tex/latex/changepage/changepage.sty
Package: changepage 2009/10/20 v1.0c check page and change page layout
\c@cp@cntr=\count109
\cp@tempcnt=\count110
) (/usr/local/texlive/2012/texmf-dist/tex/generic/ulem/ulem.sty
\UL@box=\box32
\UL@hyphenbox=\box33
\UL@skip=\skip47
\UL@hook=\toks25
\UL@height=\dimen123
\UL@pe=\count111
\UL@pixel=\dimen124
\ULC@box=\box34
Package: ulem 2012/05/18
\ULdepth=\dimen125
) (./content/common/commands.tex
\c@stmt=\count112
\c@prblm=\count113
\c@Section=\count114
 (./content/common/formulas.tex)))
No file TSWLatexianTemp_000001.aux.
\openout1 = `TSWLatexianTemp_000001.aux'.

LaTeX Font Info:    Checking defaults for OML/cmm/m/it on input line 3.
LaTeX Font Info:    ... okay on input line 3.
LaTeX Font Info:    Checking defaults for T1/cmr/m/n on input line 3.
LaTeX Font Info:    ... okay on input line 3.
LaTeX Font Info:    Checking defaults for OT1/cmr/m/n on input line 3.
LaTeX Font Info:    ... okay on input line 3.
LaTeX Font Info:    Checking defaults for OMS/cmsy/m/n on input line 3.
LaTeX Font Info:    ... okay on input line 3.
LaTeX Font Info:    Checking defaults for OMX/cmex/m/n on input line 3.
LaTeX Font Info:    ... okay on input line 3.
LaTeX Font Info:    Checking defaults for U/cmr/m/n on input line 3.
LaTeX Font Info:    ... okay on input line 3.
LaTeX Font Info:    Checking defaults for TS1/cmr/m/n on input line 3.
LaTeX Font Info:    ... okay on input line 3.
LaTeX Font Info:    Checking defaults for LGR/cmr/m/n on input line 3.
LaTeX Font Info:    Try loading font information for LGR+cmr on input line 3.
(/usr/local/texlive/2012/texmf-dist/tex/generic/babel/lgrcmr.fd
File: lgrcmr.fd 2008/06/17 v2.3 Greek Computer Modern
)
LaTeX Font Info:    ... okay on input line 3.
LaTeX Font Info:    Checking defaults for T2A/cmr/m/n on input line 3.
LaTeX Font Info:    ... okay on input line 3.
 (/usr/local/texlive/2012/texmf-dist/tex/context/base/supp-pdf.mkii
[Loading MPS to PDF converter (version 2006.09.02).]
\scratchcounter=\count115
\scratchdimen=\dimen126
\scratchbox=\box35
\nofMPsegments=\count116
\nofMParguments=\count117
\everyMPshowfont=\toks26
\MPscratchCnt=\count118
\MPscratchDim=\dimen127
\MPnumerator=\count119
\makeMPintoPDFobject=\count120
\everyMPtoPDFconversion=\toks27
) (/usr/local/texlive/2012/texmf-dist/tex/generic/oberdiek/pdftexcmds.sty
Package: pdftexcmds 2011/11/29 v0.20 Utility functions of pdfTeX for LuaTeX (HO)
Package pdftexcmds Info: LuaTeX not detected.
Package pdftexcmds Info: \pdf@primitive is available.
Package pdftexcmds Info: \pdf@ifprimitive is available.
Package pdftexcmds Info: \pdfdraftmode found.
) (/usr/local/texlive/2012/texmf-dist/tex/latex/oberdiek/epstopdf-base.sty
Package: epstopdf-base 2010/02/09 v2.5 Base part for package epstopdf
 (/usr/local/texlive/2012/texmf-dist/tex/latex/oberdiek/grfext.sty
Package: grfext 2010/08/19 v1.1 Manage graphics extensions (HO)
 (/usr/local/texlive/2012/texmf-dist/tex/generic/oberdiek/kvdefinekeys.sty
Package: kvdefinekeys 2011/04/07 v1.3 Define keys (HO)
)) (/usr/local/texlive/2012/texmf-dist/tex/latex/oberdiek/kvoptions.sty
Package: kvoptions 2011/06/30 v3.11 Key value format for package options (HO)
 (/usr/local/texlive/2012/texmf-dist/tex/generic/oberdiek/kvsetkeys.sty
Package: kvsetkeys 2012/04/25 v1.16 Key value parser (HO)
))
Package grfext Info: Graphics extension search list:
(grfext)             [.png,.pdf,.jpg,.mps,.jpeg,.jbig2,.jb2,.PNG,.PDF,.JPG,.JPEG,.JBIG2,.JB2,.eps]
(grfext)             \AppendGraphicsExtensions on input line 452.
 (/usr/local/texlive/2012/texmf-dist/tex/latex/latexconfig/epstopdf-sys.cfg
File: epstopdf-sys.cfg 2010/07/13 v1.3 Configuration of (r)epstopdf for TeX Live
))
Package marginnote Info: \pdfoutput not 0 and \pdflastxpos available.
(marginnote)             Extended position detection mode activated.
Package caption Info: Begin \AtBeginDocument code.
Package caption Info: End \AtBeginDocument code.
 (./content/disser.tex (./content/title.tex [1

{/usr/local/texlive/2012/texmf-var/fonts/map/pdftex/updmap/pdftex.map}])
No file TSWLatexianTemp_000001.toc.
\tf@toc=\write5
\openout5 = `TSWLatexianTemp_000001.toc'.

[2

] (./content/parts/0_intro/1_intro.tex

LaTeX Warning: Citation `formalskii' on page 3 undefined on input line 4.


LaTeX Warning: Citation `Gfrerrer2008' on page 3 undefined on input line 4.

LaTeX Font Info:    Try loading font information for U+msa on input line 4.
(/usr/local/texlive/2012/texmf-dist/tex/latex/amsfonts/umsa.fd
File: umsa.fd 2009/06/22 v3.00 AMS symbols A
)
LaTeX Font Info:    Try loading font information for U+msb on input line 4.
 (/usr/local/texlive/2012/texmf-dist/tex/latex/amsfonts/umsb.fd
File: umsb.fd 2009/06/22 v3.00 AMS symbols B
) [3]) (./content/parts/0_intro/2_obzor.tex

LaTeX Warning: Citation `Seeni2010' on page 4 undefined on input line 24.


LaTeX Warning: Citation `Martynenko2005' on page 4 undefined on input line 24.


LaTeX Warning: Citation `Martynenko2007' on page 4 undefined on input line 24.


LaTeX Warning: Citation `GolubevSnake2004' on page 4 undefined on input line 24.


LaTeX Warning: Citation `Ilon' on page 4 undefined on input line 24.


LaTeX Warning: Citation `Campion1996' on page 4 undefined on input line 24.


LaTeX Warning: Citation `Zimmermann2009' on page 4 undefined on input line 24.


LaTeX Warning: Citation `ChungIagnemma2016' on page 4 undefined on input line 24.


LaTeX Warning: Citation `Kanjanawanishkul2015' on page 4 undefined on input line 24.


LaTeX Warning: Citation `Adascalitei2011' on page 4 undefined on input line 24.


LaTeX Warning: Citation `Gfrerrer2008' on page 4 undefined on input line 24.


LaTeX Warning: Citation `ZobovaTatarinovAspecty2006' on page 4 undefined on input line 26.


LaTeX Warning: Citation `ZobovaTatarinov2009' on page 4 undefined on input line 26.


LaTeX Warning: Citation `zobova2008svobodnye8020851' on page 4 undefined on input line 26.


LaTeX Warning: Citation `ZobovaTatarinovPMM' on page 4 undefined on input line 26.


LaTeX Warning: Citation `Zobova2011e' on page 4 undefined on input line 26.


LaTeX Warning: Citation `ZobovaTatarinov2009' on page 4 undefined on input line 26.


LaTeX Warning: Citation `Tatarinov' on page 4 undefined on input line 26.


LaTeX Warning: Citation `Tatarinov2005' on page 4 undefined on input line 26.


LaTeX Warning: Citation `Zobova2011' on page 4 undefined on input line 26.


LaTeX Warning: Citation `MartynenkoFormalskii2007' on page 4 undefined on input line 28.


LaTeX Warning: Citation `formalskii' on page 4 undefined on input line 28.


LaTeX Warning: Citation `Martynenko2010_rus' on page 4 undefined on input line 28.


LaTeX Warning: Citation `Martynenko2010' on page 4 undefined on input line 28.


Overfull \hbox (11.847pt too wide) in paragraph at lines 28--29
\T2A/cmr/m/n/14.4 --,   -- ---  ----- -
 []

[4]

LaTeX Warning: Citation `Borisov2011' on page 5 undefined on input line 30.


LaTeX Warning: Citation `KilinBobykin2014' on page 5 undefined on input line 30.


LaTeX Warning: Citation `Karavaev2015' on page 5 undefined on input line 32.


LaTeX Warning: Citation `Ivanov2015a' on page 5 undefined on input line 34.


LaTeX Warning: Citation `Zhan2011' on page 5 undefined on input line 34.


LaTeX Warning: Citation `Ivanov2015a' on page 5 undefined on input line 34.


LaTeX Warning: Citation `Weiss2015' on page 5 undefined on input line 34.


LaTeX Warning: Citation `Plumpton2014' on page 5 undefined on input line 34.


LaTeX Warning: Citation `Plumpton2014' on page 5 undefined on input line 34.


LaTeX Warning: Citation `Weiss2015' on page 5 undefined on input line 34.


LaTeX Warning: Citation `Adamov2018' on page 5 undefined on input line 36.


LaTeX Warning: Citation `Adamov2018a' on page 5 undefined on input line 36.

[5]

LaTeX Warning: Citation `Indiveri2007' on page 6 undefined on input line 38.


LaTeX Warning: Citation `Wada2007' on page 6 undefined on input line 38.


LaTeX Warning: Citation `Mohamed2017' on page 6 undefined on input line 38.


LaTeX Warning: Citation `Krishnaraj2017' on page 6 undefined on input line 38.


LaTeX Warning: Citation `SalamAl-Ammri2010' on page 6 undefined on input line 38.


LaTeX Warning: Citation `Eng2010' on page 6 undefined on input line 38.


LaTeX Warning: Citation `Gordon1993' on page 6 undefined on input line 38.


LaTeX Warning: Citation `DelMoral1997' on page 6 undefined on input line 38.


LaTeX Warning: Citation `Vicente2015' on page 6 undefined on input line 38.


LaTeX Warning: Citation `NguenMAI2012' on page 6 undefined on input line 38.


LaTeX Warning: Citation `Ashmore2002a' on page 6 undefined on input line 41.


LaTeX Warning: Citation `Balkcom2006' on page 6 undefined on input line 41.


LaTeX Warning: Citation `Huang2015' on page 6 undefined on input line 41.


LaTeX Warning: Citation `Bramanta2017' on page 6 undefined on input line 41.


LaTeX Warning: Citation `Kalmar-Nagy2016' on page 6 undefined on input line 41.


LaTeX Warning: Citation `Szayer2017' on page 6 undefined on input line 41.


LaTeX Warning: Citation `Field2017' on page 6 undefined on input line 41.


LaTeX Warning: Citation `Ivanov2015a' on page 6 undefined on input line 41.


Overfull \hbox (14.74904pt too wide) in paragraph at lines 40--42
[]\T2A/cmr/m/n/14.4  -- --- ---- -- --- -
 []

[6]

LaTeX Warning: Citation `Williams2002' on page 7 undefined on input line 43.


LaTeX Warning: Citation `Purwin2006' on page 7 undefined on input line 43.


LaTeX Warning: Citation `Li2009' on page 7 undefined on input line 43.


LaTeX Warning: Citation `Galicki2009' on page 7 undefined on input line 43.


LaTeX Warning: Citation `Lin2013' on page 7 undefined on input line 43.


LaTeX Warning: Citation `Wittenburg2008' on page 7 undefined on input line 47.


LaTeX Warning: Citation `EberhardSchiehlen' on page 7 undefined on input line 47.


LaTeX Warning: Citation `Jain2011' on page 7 undefined on input line 47.


LaTeX Warning: Citation `Roberson1988' on page 7 undefined on input line 47.


LaTeX Warning: Citation `Jerkovsky1977' on page 7 undefined on input line 47.


LaTeX Warning: Citation `Wittenburg2008' on page 7 undefined on input line 47.


LaTeX Warning: Citation `Jerkovsky1977' on page 7 undefined on input line 47.


LaTeX Warning: Citation `EberhardSchiehlen' on page 7 undefined on input line 47.


LaTeX Warning: Citation `Jain2011' on page 7 undefined on input line 47.


LaTeX Warning: Citation `Roberson1988' on page 7 undefined on input line 47.


LaTeX Warning: Citation `Chaplygin1949' on page 7 undefined on input line 49.


LaTeX Warning: Citation `NejmarkFufaev1967' on page 7 undefined on input line 49.


LaTeX Warning: Citation `NejmarkFufaev1967' on page 7 undefined on input line 49.


LaTeX Warning: Citation `karapetyan1981negolonom' on page 7 undefined on input line 49.


LaTeX Warning: Citation `KarapetyanKugushev2010' on page 7 undefined on input line 49.


LaTeX Warning: Citation `Appel1' on page 7 undefined on input line 49.


LaTeX Warning: Citation `AppelTwo1960' on page 7 undefined on input line 49.


LaTeX Warning: Citation `Tatarinov' on page 7 undefined on input line 49.


LaTeX Warning: Citation `Tatarinov2005' on page 7 undefined on input line 49.


LaTeX Warning: Citation `AppelTwo1960' on page 7 undefined on input line 51.


LaTeX Warning: Citation `Vilke' on page 7 undefined on input line 51.


LaTeX Warning: Citation `KozlovTreshevBilliardsBook1991' on page 7 undefined on input line 51.


LaTeX Warning: Citation `KozlovTreshevBilliardsBook1991' on page 7 undefined on input line 51.


LaTeX Warning: Citation `BrogliatoBook1999' on page 7 undefined on input line 51.


LaTeX Warning: Citation `PfeifferGlockerBook' on page 7 undefined on input line 51.


LaTeX Warning: Citation `PfeifferGlocker1995' on page 7 undefined on input line 51.


LaTeX Warning: Citation `Pfeiffer1999a' on page 7 undefined on input line 51.


LaTeX Warning: Citation `PfeifferGlockerSymposium1999' on page 7 undefined on input line 51.


LaTeX Warning: Citation `Pfeiffer1997' on page 7 undefined on input line 51.


LaTeX Warning: Citation `Glocker1999' on page 7 undefined on input line 51.


LaTeX Warning: Citation `Pfeiffer2001' on page 7 undefined on input line 51.


LaTeX Warning: Citation `Brogliato2002' on page 7 undefined on input line 51.


LaTeX Warning: Citation `Pfeiffer2003' on page 7 undefined on input line 51.


LaTeX Warning: Citation `FloresGlocker2011' on page 7 undefined on input line 51.


LaTeX Warning: Citation `Zbiciak2014' on page 7 undefined on input line 51.


LaTeX Warning: Citation `Kugushev2003' on page 7 undefined on input line 51.

[7]

LaTeX Warning: Citation `PfeifferGlocker1993' on page 8 undefined on input line 53.


LaTeX Warning: Citation `Pfeiffer1996' on page 8 undefined on input line 53.


LaTeX Warning: Citation `Anitescu1997' on page 8 undefined on input line 53.


LaTeX Warning: Citation `Lacoursiere2011' on page 8 undefined on input line 53.


LaTeX Warning: Citation `Charles2014' on page 8 undefined on input line 53.


LaTeX Warning: Citation `Paoli2015' on page 8 undefined on input line 53.


LaTeX Warning: Citation `Moreau1988' on page 8 undefined on input line 53.


LaTeX Warning: Citation `Novozhilov1991' on page 8 undefined on input line 53.


LaTeX Warning: Citation `ModelicaSpec' on page 8 undefined on input line 53.


LaTeX Warning: Citation `Dymola' on page 8 undefined on input line 53.


LaTeX Warning: Citation `Fritzson' on page 8 undefined on input line 53.


LaTeX Warning: Citation `Kosenko1998' on page 8 undefined on input line 53.


LaTeX Warning: Citation `KosenkoQuaternionRus' on page 8 undefined on input line 53.


LaTeX Warning: Citation `Kosenko2006unilat' on page 8 undefined on input line 53.


LaTeX Warning: Citation `Kosenko2006' on page 8 undefined on input line 53.


LaTeX Warning: Citation `Kosenko2007' on page 8 undefined on input line 53.


LaTeX Warning: Citation `KosenkoGraphs2009' on page 8 undefined on input line 53.


LaTeX Warning: Citation `KosenkoGusev2012' on page 8 undefined on input line 53.


LaTeX Warning: Citation `KosenkoRolling' on page 8 undefined on input line 53.


LaTeX Warning: Citation `Kosenko2006' on page 8 undefined on input line 53.


LaTeX Warning: Citation `KosenkoAlexandrov' on page 8 undefined on input line 53.


LaTeX Warning: Citation `KosenkoKuznetzova' on page 8 undefined on input line 53.


LaTeX Warning: Citation `Kalman2012assistant' on page 8 undefined on input line 53.


LaTeX Warning: Citation `Kalman2013control' on page 8 undefined on input line 53.


LaTeX Warning: Citation `Kalman2013braking' on page 8 undefined on input line 53.


LaTeX Warning: Citation `Kalman2013practical' on page 8 undefined on input line 53.


LaTeX Warning: Citation `Kalman2013braking' on page 8 undefined on input line 53.


LaTeX Warning: Citation `GerasimovZobovaPMM2018' on page 8 undefined on input line 55.


LaTeX Warning: Citation `GerasimovZobovaTrudyMAI2018' on page 8 undefined on input line 55.


LaTeX Warning: Citation `KosenkoGerasimovNd2016' on page 8 undefined on input line 55.


LaTeX Warning: Citation `KosenkoGerasimovJsme2016' on page 8 undefined on input line 55.


LaTeX Warning: Citation `Kosenko2014unilateral' on page 8 undefined on input line 55.


LaTeX Warning: Citation `KosenkoGerasimov2014' on page 8 undefined on input line 55.


LaTeX Warning: Citation `Kosenko201construction' on page 8 undefined on input line 55.


LaTeX Warning: Citation `Kosenko2015verification' on page 8 undefined on input line 55.


LaTeX Warning: Citation `Kosenko2015hierarchy' on page 8 undefined on input line 55.


LaTeX Warning: Citation `KosenkoGerasimov2015' on page 8 undefined on input line 55.


LaTeX Warning: Citation `Kosenko2016testbench' on page 8 undefined on input line 55.


LaTeX Warning: Citation `Kosenko2016ND' on page 8 undefined on input line 55.

) (./content/parts/0_intro/3_content.tex [8] [9]

LaTeX Warning: Citation `KosenkoGerasimovNd2016' on page 10 undefined on input line 19.


LaTeX Warning: Citation `GerasimovZobovaPMM2018' on page 10 undefined on input line 19.


LaTeX Warning: Citation `GerasimovZobovaTrudyMAI2018' on page 10 undefined on input line 19.


LaTeX Warning: Citation `KosenkoGerasimovJsme2016' on page 10 undefined on input line 19.


LaTeX Warning: Citation `KosenkoGerasimov2015' on page 10 undefined on input line 19.


LaTeX Warning: Citation `Kosenko201construction' on page 10 undefined on input line 19.

) [10] (./content/parts/1_eqs/1_intro.tex [11]
{\Russian \CYRG \cyrl \cyra \cyrv \cyra } 1.
) (./content/parts/1_eqs/2_problem.tex

LaTeX Warning: Reference `fig:wheel' on page 12 undefined on input line 3.


LaTeX Warning: Reference `fig:wheel' on page 12 undefined on input line 8.


LaTeX Warning: Reference `fig:wheel' on page 12 undefined on input line 8.

[12

]
\openout3 = `TSWLatexianTemp_000001-1.asy'.

 (./content/pic/asy/pic_wheel.asy)

Package asymptote Warning: file `TSWLatexianTemp_000001-1.pdf' not found on input line 13.

\openout3 = `TSWLatexianTemp_000001-2.asy'.

(./content/pic/asy/pic_cart.asy)

Package asymptote Warning: file `TSWLatexianTemp_000001-2.pdf' not found on input line 19.


Overfull \hbox (30.13123pt too wide) detected at line 41
[] \OT1/cmr/m/n/14.4 = (\OML/cmm/m/it/14.4 ^^W[]; ^^W[]; ^^W[]; ^^W[]\OT1/cmr/m/n/14.4 )\OML/cmm/m/it/14.4 ;  [][] \OT1/cmr/m/n/14.4 = \OML/cmm/m/it/14.4 R^^W[][][] \OT1/cmr/m/n/14.4 + \OML/cmm/m/it/14.4 R^^W[][][];  ^^W[] \OT1/cmr/m/n/14.4 = ^^C[]\OML/cmm/m/it/14.4 ;  ^^W[] \OT1/cmr/m/n/14.4 = []\OML/cmm/m/it/14.4 ;  s \OT1/cmr/m/n/14.4 = 1\OML/cmm/m/it/14.4 ; [] ; N\OT1/cmr/m/n/14.4 (\OML/cmm/m/it/14.4 n \OMS/cmsy/m/n/14.4 ^^@ \OT1/cmr/m/n/14.4 1)
 []

[13]

LaTeX Warning: Reference `constraint_roller_contact' on page 14 undefined on input line 57.


LaTeX Warning: Reference `fig:wheel' on page 14 undefined on input line 57.


LaTeX Warning: Reference `constraint_wheel_contact' on page 14 undefined on input line 58.

) (./content/parts/1_eqs/3_eqs.tex

LaTeX Warning: Citation `Tatarinov' on page 14 undefined on input line 4.

[14]

LaTeX Warning: Reference `constraints_V' on page 15 undefined on input line 10.


LaTeX Warning: Citation `Tatarinov' on page 15 undefined on input line 12.


LaTeX Warning: Citation `Zobova2011' on page 15 undefined on input line 12.

[15]

LaTeX Warning: Reference `constraint_roller_contact' on page 16 undefined on input line 82.

[16]

LaTeX Warning: Reference `Tatarinov' on page 17 undefined on input line 94.


LaTeX Warning: Reference `eq:num' on page 17 undefined on input line 103.


LaTeX Warning: Reference `Tatarinov' on page 17 undefined on input line 124.

[17]

LaTeX Warning: Reference `Tatarinov' on page 18 undefined on input line 138.


LaTeX Warning: Reference `Tatarinov' on page 18 undefined on input line 142.


Overfull \hbox (28.94185pt too wide) in alignment at lines 143--160
 [][][] []
 []

[18]

LaTeX Warning: Reference `Tatarinov' on page 19 undefined on input line 162.


Overfull \hbox (39.93513pt too wide) in alignment at lines 164--208
 [][][] []
 []


LaTeX Warning: Reference `DLStarDnuDdt' on page 19 undefined on input line 212.

[19]

LaTeX Warning: Reference `constraint_wheel_contact' on page 20 undefined on input line 246.


LaTeX Warning: Reference `eq:full_system' on page 20 undefined on input line 259.


LaTeX Warning: Reference `mstar' on page 20 undefined on input line 259.


LaTeX Warning: Reference `Tatarinov' on page 20 undefined on input line 259.


LaTeX Warning: Citation `ZobovaTatarinovPMM' on page 20 undefined on input line 259.


LaTeX Warning: Reference `Tatarinov' on page 20 undefined on input line 260.

[20]) (./content/parts/2_udar/1_intro.tex [21]
{\Russian \CYRG \cyrl \cyra \cyrv \cyra } 2.
\openout3 = `TSWLatexianTemp_000001-3.asy'.

(./content/pic/asy/pic_overlap.asy)

Package asymptote Warning: file `TSWLatexianTemp_000001-3.pdf' not found on input line 8.


LaTeX Warning: Citation `GerasimovZobovaPMM2018' on page 22 undefined on input line 14.


LaTeX Warning: Reference `fig:overlap' on page 22 undefined on input line 16.

[22

]) (./content/parts/2_udar/3_0_impact.tex
LaTeX Font Info:    Try loading font information for OMS+cmr on input line 7.
 (/usr/local/texlive/2012/texmf-dist/tex/latex/base/omscmr.fd
File: omscmr.fd 1999/05/25 v2.5h Standard LaTeX font definitions
)
LaTeX Font Info:    Font shape `OMS/cmr/m/n' in size <14.4> not available
(Font)              Font shape `OMS/cmsy/m/n' tried instead on input line 7.
 [23]
\openout3 = `TSWLatexianTemp_000001-4.asy'.

 (./content/pic/asy/pic_react.asy)

Package asymptote Warning: file `TSWLatexianTemp_000001-4.pdf' not found on input line 21.

\openout3 = `TSWLatexianTemp_000001-5.asy'.

(./content/pic/asy/pic_project.asy)

Package asymptote Warning: file `TSWLatexianTemp_000001-5.pdf' not found on input line 27.

) (./content/parts/2_udar/3_1_impact_classical.tex

LaTeX Warning: Citation `Vilke' on page 24 undefined on input line 2.


LaTeX Warning: Reference `fig:react' on page 24 undefined on input line 10.

[24]

LaTeX Warning: Reference `eq:udar_general' on page 25 undefined on input line 31.

[25]) (./content/parts/2_udar/3_2_impact_analytical.tex
Overfull \hbox (10.67415pt too wide) in paragraph at lines 2--2
[]\T2A/cmr/bx/n/17.28  --- -- - - 
 []


LaTeX Warning: Reference `eq:udar_mat' on page 26 undefined on input line 4.


LaTeX Warning: Reference `eq:constraints_vec' on page 26 undefined on input line 6.


LaTeX Warning: Reference `eq:constraints_vec' on page 26 undefined on input line 20.


LaTeX Warning: Reference `sect:impact_classical' on page 26 undefined on input line 20.

[26]

LaTeX Warning: Reference `eq:udar_general' on page 27 undefined on input line 22.


LaTeX Warning: Reference `eq:udar_mat' on page 27 undefined on input line 22.


LaTeX Warning: Reference `sect:impact_classical' on page 27 undefined on input line 26.


LaTeX Warning: Reference `eq:udar_mat_Jt' on page 27 undefined on input line 28.


LaTeX Warning: Reference `eq:constraints_orth' on page 27 undefined on input line 28.


LaTeX Warning: Reference `eq:constraints_orth' on page 27 undefined on input line 28.


LaTeX Warning: Reference `eq:udar_mat_Jt' on page 27 undefined on input line 28.


LaTeX Warning: Reference `eq:constraints_ideal' on page 27 undefined on input line 30.


LaTeX Warning: Reference `eq:udar_general' on page 27 undefined on input line 30.

[27]

LaTeX Warning: Reference `eq:udar_mat_Jt' on page 28 undefined on input line 38.


LaTeX Warning: Reference `eq:udar_mat_Jt' on page 28 undefined on input line 38.

) (./content/parts/2_udar/3_3_energy.tex

LaTeX Warning: Reference `eq:constraints_ideal' on page 28 undefined on input line 10.


LaTeX Warning: Reference `eq:udar_general' on page 28 undefined on input line 10.


LaTeX Warning: Citation `Vilke' on page 28 undefined on input line 17.

) (./content/parts/2_udar/4_motions.tex

LaTeX Warning: Reference `fig:self_rot' on page 28 undefined on input line 6.

[28]

LaTeX Warning: Reference `fig:straight' on page 29 undefined on input line 7.


LaTeX Warning: Reference `fig:wrench' on page 29 undefined on input line 8.


Overfull \hbox (5.4102pt too wide) in paragraph at lines 8--9
\T2A/cmr/m/n/14.4 - -- -- -- ($\OML/cmm/m/it/14.4 ^^W[]\OT1/cmr/m/n/14.4 (0) = 1\OML/cmm/m/it/14.4 ; ^^W[]\OT1/cmr/m/n/14.4 (0) = 0\OML/cmm/m/it/14.4 ; ^^W[]\OT1/cmr/m/n/14.4 (0) = 1$\T2A/cmr/m/n/14.4 ) (. []). 
 []


LaTeX Warning: Citation `GerasimovZobovaPMM2018' on page 29 undefined on input line 10.


LaTeX Warning: Reference `sol:self_rot' on page 29 undefined on input line 21.


LaTeX Warning: Reference `sol:straight' on page 29 undefined on input line 21.


LaTeX Warning: Reference `sol:self_rot' on page 29 undefined on input line 23.


LaTeX Warning: Reference `fig:self_rot' on page 29 undefined on input line 23.


LaTeX Warning: Reference `constraint_roller_contact' on page 29 undefined on input line 23.


LaTeX Warning: Reference `int_free_roller' on page 29 undefined on input line 23.

[29]

LaTeX Warning: Reference `sol:straight' on page 30 undefined on input line 25.


LaTeX Warning: Reference `fig:straight' on page 30 undefined on input line 25.


LaTeX Warning: Reference `constraint_roller_contact' on page 30 undefined on input line 25.


LaTeX Warning: Reference `fig:straight_60_nus2' on page 30 undefined on input line 25.


LaTeX Warning: Reference `sol:wrench' on page 30 undefined on input line 27.


LaTeX Warning: Reference `fig:wrench_1000_nu3' on page 30 undefined on input line 28.


LaTeX Warning: Reference `int_free_roller' on page 30 undefined on input line 28.


LaTeX Warning: Reference `fig:wrench_1000_v' on page 30 undefined on input line 28.


LaTeX Warning: Reference `fig:wrench_1000_kin_en' on page 30 undefined on input line 28.


LaTeX Warning: Reference `fig:wrench_1000_traj' on page 30 undefined on input line 28.


LaTeX Warning: Reference `fig:wrench_1000_nus1' on page 30 undefined on input line 28.

[30]
Package epstopdf Info: Source file: <content/pic/self_rot_25/kin_en.eps>
(epstopdf)                    date: 2018-08-10 14:14:56
(epstopdf)                    size: 66296 bytes
(epstopdf)             Output file: <content/pic/self_rot_25/kin_en-eps-converted-to.pdf>
(epstopdf)             Command: <epstopdf --outfile=content/pic/self_rot_25/kin_en-eps-converted-to.pdf content/pic/self_rot_25/kin_en.eps>
(epstopdf)             \includegraphics on input line 40.
runsystem(epstopdf --outfile=content/pic/self_rot_25/kin_en-eps-converted-to.pdf content/pic/self_rot_25/kin_en.eps)...executed.

Package epstopdf Info: Result file: <content/pic/self_rot_25/kin_en-eps-converted-to.pdf>
(epstopdf)                    date: 2018-08-10 17:17:09
(epstopdf)                    size: 6055 bytes.
 <content/pic/self_rot_25/kin_en-eps-converted-to.pdf, id=118, 465.74pt x 349.305pt>
File: content/pic/self_rot_25/kin_en-eps-converted-to.pdf Graphic file (type pdf)
 <use content/pic/self_rot_25/kin_en-eps-converted-to.pdf>
Package pdftex.def Info: content/pic/self_rot_25/kin_en-eps-converted-to.pdf used on input line 40.
(pdftex.def)             Requested size: 153.69467pt x 115.271pt.

Overfull \hbox (8.58415pt too wide) in paragraph at lines 40--40
 [][] 
 []

Package epstopdf Info: Source file: <content/pic/self_rot_25/nu3.eps>
(epstopdf)                    date: 2018-08-10 14:14:56
(epstopdf)                    size: 78698 bytes
(epstopdf)             Output file: <content/pic/self_rot_25/nu3-eps-converted-to.pdf>
(epstopdf)             Command: <epstopdf --outfile=content/pic/self_rot_25/nu3-eps-converted-to.pdf content/pic/self_rot_25/nu3.eps>
(epstopdf)             \includegraphics on input line 47.
runsystem(epstopdf --outfile=content/pic/self_rot_25/nu3-eps-converted-to.pdf content/pic/self_rot_25/nu3.eps)...executed.

Package epstopdf Info: Result file: <content/pic/self_rot_25/nu3-eps-converted-to.pdf>
(epstopdf)                    date: 2018-08-10 17:17:11
(epstopdf)                    size: 18158 bytes.
<content/pic/self_rot_25/nu3-eps-converted-to.pdf, id=119, 465.74pt x 349.305pt>
File: content/pic/self_rot_25/nu3-eps-converted-to.pdf Graphic file (type pdf)
 <use content/pic/self_rot_25/nu3-eps-converted-to.pdf>
Package pdftex.def Info: content/pic/self_rot_25/nu3-eps-converted-to.pdf used on input line 47.
(pdftex.def)             Requested size: 153.69467pt x 115.271pt.

Overfull \hbox (8.58415pt too wide) in paragraph at lines 47--47
 [][] 
 []

Package epstopdf Info: Source file: <content/pic/self_rot_25/rol_vel.eps>
(epstopdf)                    date: 2018-08-10 14:14:56
(epstopdf)                    size: 575900 bytes
(epstopdf)             Output file: <content/pic/self_rot_25/rol_vel-eps-converted-to.pdf>
(epstopdf)             Command: <epstopdf --outfile=content/pic/self_rot_25/rol_vel-eps-converted-to.pdf content/pic/self_rot_25/rol_vel.eps>
(epstopdf)             \includegraphics on input line 54.
runsystem(epstopdf --outfile=content/pic/self_rot_25/rol_vel-eps-converted-to.pdf content/pic/self_rot_25/rol_vel.eps)...executed.

Package epstopdf Info: Result file: <content/pic/self_rot_25/rol_vel-eps-converted-to.pdf>
(epstopdf)                    date: 2018-08-10 17:17:13
(epstopdf)                    size: 171426 bytes.
<content/pic/self_rot_25/rol_vel-eps-converted-to.pdf, id=120, 465.74pt x 349.305pt>
File: content/pic/self_rot_25/rol_vel-eps-converted-to.pdf Graphic file (type pdf)
 <use content/pic/self_rot_25/rol_vel-eps-converted-to.pdf>
Package pdftex.def Info: content/pic/self_rot_25/rol_vel-eps-converted-to.pdf used on input line 54.
(pdftex.def)             Requested size: 153.69467pt x 115.271pt.

Overfull \hbox (8.58415pt too wide) in paragraph at lines 54--54
 [][] 
 []

Package epstopdf Info: Source file: <content/pic/self_rot_25/chi.eps>
(epstopdf)                    date: 2018-08-10 14:14:56
(epstopdf)                    size: 656949 bytes
(epstopdf)             Output file: <content/pic/self_rot_25/chi-eps-converted-to.pdf>
(epstopdf)             Command: <epstopdf --outfile=content/pic/self_rot_25/chi-eps-converted-to.pdf content/pic/self_rot_25/chi.eps>
(epstopdf)             \includegraphics on input line 61.
runsystem(epstopdf --outfile=content/pic/self_rot_25/chi-eps-converted-to.pdf content/pic/self_rot_25/chi.eps)...executed.

Package epstopdf Info: Result file: <content/pic/self_rot_25/chi-eps-converted-to.pdf>
(epstopdf)                    date: 2018-08-10 17:17:16
(epstopdf)                    size: 162452 bytes.
<content/pic/self_rot_25/chi-eps-converted-to.pdf, id=121, 465.74pt x 349.305pt>
File: content/pic/self_rot_25/chi-eps-converted-to.pdf Graphic file (type pdf)
 <use content/pic/self_rot_25/chi-eps-converted-to.pdf>
Package pdftex.def Info: content/pic/self_rot_25/chi-eps-converted-to.pdf used on input line 61.
(pdftex.def)             Requested size: 153.69467pt x 115.271pt.

Overfull \hbox (8.58415pt too wide) in paragraph at lines 61--61
 [][] 
 []

Package epstopdf Info: Source file: <content/pic/self_rot_25/theta.eps>
(epstopdf)                    date: 2018-08-10 14:14:56
(epstopdf)                    size: 95310 bytes
(epstopdf)             Output file: <content/pic/self_rot_25/theta-eps-converted-to.pdf>
(epstopdf)             Command: <epstopdf --outfile=content/pic/self_rot_25/theta-eps-converted-to.pdf content/pic/self_rot_25/theta.eps>
(epstopdf)             \includegraphics on input line 68.
runsystem(epstopdf --outfile=content/pic/self_rot_25/theta-eps-converted-to.pdf content/pic/self_rot_25/theta.eps)...executed.

Package epstopdf Info: Result file: <content/pic/self_rot_25/theta-eps-converted-to.pdf>
(epstopdf)                    date: 2018-08-10 17:17:19
(epstopdf)                    size: 34130 bytes.
<content/pic/self_rot_25/theta-eps-converted-to.pdf, id=122, 465.74pt x 349.305pt>
File: content/pic/self_rot_25/theta-eps-converted-to.pdf Graphic file (type pdf)
 <use content/pic/self_rot_25/theta-eps-converted-to.pdf>
Package pdftex.def Info: content/pic/self_rot_25/theta-eps-converted-to.pdf used on input line 68.
(pdftex.def)             Requested size: 153.69467pt x 115.271pt.

Overfull \hbox (8.58415pt too wide) in paragraph at lines 68--68
 [][] 
 []

Package epstopdf Info: Source file: <content/pic/self_rot_25/rol_ang.eps>
(epstopdf)                    date: 2018-08-10 14:14:56
(epstopdf)                    size: 398740 bytes
(epstopdf)             Output file: <content/pic/self_rot_25/rol_ang-eps-converted-to.pdf>
(epstopdf)             Command: <epstopdf --outfile=content/pic/self_rot_25/rol_ang-eps-converted-to.pdf content/pic/self_rot_25/rol_ang.eps>
(epstopdf)             \includegraphics on input line 75.
runsystem(epstopdf --outfile=content/pic/self_rot_25/rol_ang-eps-converted-to.pdf content/pic/self_rot_25/rol_ang.eps)...executed.

Package epstopdf Info: Result file: <content/pic/self_rot_25/rol_ang-eps-converted-to.pdf>
(epstopdf)                    date: 2018-08-10 17:17:26
(epstopdf)                    size: 107160 bytes.
<content/pic/self_rot_25/rol_ang-eps-converted-to.pdf, id=123, 465.74pt x 349.305pt>
File: content/pic/self_rot_25/rol_ang-eps-converted-to.pdf Graphic file (type pdf)
 <use content/pic/self_rot_25/rol_ang-eps-converted-to.pdf>
Package pdftex.def Info: content/pic/self_rot_25/rol_ang-eps-converted-to.pdf used on input line 75.
(pdftex.def)             Requested size: 153.69467pt x 115.271pt.

Overfull \hbox (8.58415pt too wide) in paragraph at lines 75--75
 [][] 
 []

[31 <./content/pic/self_rot_25/kin_en-eps-converted-to.pdf> <./content/pic/self_rot_25/nu3-eps-converted-to.pdf> <./content/pic/self_rot_25/rol_vel-eps-converted-to.pdf> <./content/pic/self_rot_25/chi-eps-converted-to.pdf> <./content/pic/self_rot_25/theta-eps-converted-to.pdf> <./content/pic/self_rot_25/rol_ang-eps-converted-to.pdf>] <content/pic/straight_60/kin_en.png, id=159, 621.32124pt x 698.61pt>
File: content/pic/straight_60/kin_en.png Graphic file (type png)
 <use content/pic/straight_60/kin_en.png>
Package pdftex.def Info: content/pic/straight_60/kin_en.png used on input line 91.
(pdftex.def)             Requested size: 136.69109pt x 153.69467pt.

Overfull \hbox (30.27719pt too wide) in paragraph at lines 91--91
 [][] 
 []


Underfull \hbox (badness 10000) in paragraph at lines 91--91
[]\T2A/cmr/m/n/12 (a) |----
 []

<content/pic/straight_60/v.png, id=161, 297.2706pt x 349.305pt>
File: content/pic/straight_60/v.png Graphic file (type png)
 <use content/pic/straight_60/v.png>
Package pdftex.def Info: content/pic/straight_60/v.png used on input line 98.
(pdftex.def)             Requested size: 127.82385pt x 150.19821pt.
 <content/pic/straight_60/nus2.png, id=162, 294.6207pt x 349.305pt>
File: content/pic/straight_60/nus2.png Graphic file (type png)
 <use content/pic/straight_60/nus2.png>
Package pdftex.def Info: content/pic/straight_60/nus2.png used on input line 105.
(pdftex.def)             Requested size: 111.95702pt x 132.73727pt.
 <content/pic/straight_60/nu3.png, id=163, 307.8702pt x 349.305pt>
File: content/pic/straight_60/nu3.png Graphic file (type png)
 <use content/pic/straight_60/nu3.png>
Package pdftex.def Info: content/pic/straight_60/nu3.png used on input line 112.
(pdftex.def)             Requested size: 110.83318pt x 125.7497pt.
 <content/pic/straight_60/traj.png, id=164, 250.536pt x 140.4447pt>
File: content/pic/straight_60/traj.png Graphic file (type png)
 <use content/pic/straight_60/traj.png>
Package pdftex.def Info: content/pic/straight_60/traj.png used on input line 119.
(pdftex.def)             Requested size: 137.79521pt x 77.24481pt.
 <content/pic/straight_60/nus1.png, id=165, 288.8391pt x 349.305pt>
File: content/pic/straight_60/nus1.png Graphic file (type png)
 <use content/pic/straight_60/nus1.png>
Package pdftex.def Info: content/pic/straight_60/nus1.png used on input line 126.
(pdftex.def)             Requested size: 95.31718pt x 115.271pt.
 <content/pic/straight_60/xy.png, id=166, 293.4162pt x 349.305pt>
File: content/pic/straight_60/xy.png Graphic file (type png)
 <use content/pic/straight_60/xy.png>
Package pdftex.def Info: content/pic/straight_60/xy.png used on input line 133.
(pdftex.def)             Requested size: 96.82764pt x 115.271pt.

Underfull \hbox (badness 10000) in paragraph at lines 133--133
[]\T2A/cmr/m/n/12 (g) |---- -
 []

<content/pic/straight_60/phi1.png, id=167, 296.7888pt x 236.5638pt>
File: content/pic/straight_60/phi1.png Graphic file (type png)
 <use content/pic/straight_60/phi1.png>
Package pdftex.def Info: content/pic/straight_60/phi1.png used on input line 140.
(pdftex.def)             Requested size: 127.61668pt x 101.72044pt.
 <content/pic/straight_60/phi2.png, id=168, 291.0072pt x 349.305pt>
File: content/pic/straight_60/phi2.png Graphic file (type png)
 <use content/pic/straight_60/phi2.png>
Package pdftex.def Info: content/pic/straight_60/phi2.png used on input line 147.
(pdftex.def)             Requested size: 96.03267pt x 115.271pt.


LaTeX Warning: `h' float specifier changed to `ht'.

Package epstopdf Info: Source file: <content/pic/wrench_1000/kin_en.eps>
(epstopdf)                    date: 2018-08-10 14:14:56
(epstopdf)                    size: 69919 bytes
(epstopdf)             Output file: <content/pic/wrench_1000/kin_en-eps-converted-to.pdf>
(epstopdf)             Command: <epstopdf --outfile=content/pic/wrench_1000/kin_en-eps-converted-to.pdf content/pic/wrench_1000/kin_en.eps>
(epstopdf)             \includegraphics on input line 162.
runsystem(epstopdf --outfile=content/pic/wrench_1000/kin_en-eps-converted-to.pdf content/pic/wrench_1000/kin_en.eps)...executed.

Package epstopdf Info: Result file: <content/pic/wrench_1000/kin_en-eps-converted-to.pdf>
(epstopdf)                    date: 2018-08-10 17:17:28
(epstopdf)                    size: 7875 bytes.
<content/pic/wrench_1000/kin_en-eps-converted-to.pdf, id=169, 465.74pt x 349.305pt>
File: content/pic/wrench_1000/kin_en-eps-converted-to.pdf Graphic file (type pdf)
 <use content/pic/wrench_1000/kin_en-eps-converted-to.pdf>
Package pdftex.def Info: content/pic/wrench_1000/kin_en-eps-converted-to.pdf used on input line 162.
(pdftex.def)             Requested size: 153.69467pt x 115.271pt.

Overfull \hbox (8.58415pt too wide) in paragraph at lines 162--162
 [][] 
 []

Package epstopdf Info: Source file: <content/pic/wrench_1000/v.eps>
(epstopdf)                    date: 2018-08-10 14:14:56
(epstopdf)                    size: 98730 bytes
(epstopdf)             Output file: <content/pic/wrench_1000/v-eps-converted-to.pdf>
(epstopdf)             Command: <epstopdf --outfile=content/pic/wrench_1000/v-eps-converted-to.pdf content/pic/wrench_1000/v.eps>
(epstopdf)             \includegraphics on input line 169.
runsystem(epstopdf --outfile=content/pic/wrench_1000/v-eps-converted-to.pdf content/pic/wrench_1000/v.eps)...executed.

Package epstopdf Info: Result file: <content/pic/wrench_1000/v-eps-converted-to.pdf>
(epstopdf)                    date: 2018-08-10 17:17:30
(epstopdf)                    size: 16221 bytes.
<content/pic/wrench_1000/v-eps-converted-to.pdf, id=170, 465.74pt x 349.305pt>
File: content/pic/wrench_1000/v-eps-converted-to.pdf Graphic file (type pdf)
 <use content/pic/wrench_1000/v-eps-converted-to.pdf>
Package pdftex.def Info: content/pic/wrench_1000/v-eps-converted-to.pdf used on input line 169.
(pdftex.def)             Requested size: 153.69467pt x 115.271pt.

Overfull \hbox (8.58415pt too wide) in paragraph at lines 169--169
 [][] 
 []

Package epstopdf Info: Source file: <content/pic/wrench_1000/nu3.eps>
(epstopdf)                    date: 2018-08-10 14:14:56
(epstopdf)                    size: 120272 bytes
(epstopdf)             Output file: <content/pic/wrench_1000/nu3-eps-converted-to.pdf>
(epstopdf)             Command: <epstopdf --outfile=content/pic/wrench_1000/nu3-eps-converted-to.pdf content/pic/wrench_1000/nu3.eps>
(epstopdf)             \includegraphics on input line 176.
runsystem(epstopdf --outfile=content/pic/wrench_1000/nu3-eps-converted-to.pdf content/pic/wrench_1000/nu3.eps)...executed.

Package epstopdf Info: Result file: <content/pic/wrench_1000/nu3-eps-converted-to.pdf>
(epstopdf)                    date: 2018-08-10 17:17:31
(epstopdf)                    size: 21167 bytes.
<content/pic/wrench_1000/nu3-eps-converted-to.pdf, id=171, 465.74pt x 349.305pt>
File: content/pic/wrench_1000/nu3-eps-converted-to.pdf Graphic file (type pdf)
 <use content/pic/wrench_1000/nu3-eps-converted-to.pdf>
Package pdftex.def Info: content/pic/wrench_1000/nu3-eps-converted-to.pdf used on input line 176.
(pdftex.def)             Requested size: 153.69467pt x 115.271pt.

Overfull \hbox (8.58415pt too wide) in paragraph at lines 176--176
 [][] 
 []

Package epstopdf Info: Source file: <content/pic/wrench_1000/traj.eps>
(epstopdf)                    date: 2018-08-10 14:14:56
(epstopdf)                    size: 92429 bytes
(epstopdf)             Output file: <content/pic/wrench_1000/traj-eps-converted-to.pdf>
(epstopdf)             Command: <epstopdf --outfile=content/pic/wrench_1000/traj-eps-converted-to.pdf content/pic/wrench_1000/traj.eps>
(epstopdf)             \includegraphics on input line 183.
runsystem(epstopdf --outfile=content/pic/wrench_1000/traj-eps-converted-to.pdf content/pic/wrench_1000/traj.eps)...executed.

Package epstopdf Info: Result file: <content/pic/wrench_1000/traj-eps-converted-to.pdf>
(epstopdf)                    date: 2018-08-10 17:17:32
(epstopdf)                    size: 30939 bytes.
<content/pic/wrench_1000/traj-eps-converted-to.pdf, id=172, 465.74pt x 349.305pt>
File: content/pic/wrench_1000/traj-eps-converted-to.pdf Graphic file (type pdf)
 <use content/pic/wrench_1000/traj-eps-converted-to.pdf>
Package pdftex.def Info: content/pic/wrench_1000/traj-eps-converted-to.pdf used on input line 183.
(pdftex.def)             Requested size: 153.69467pt x 115.271pt.
Package epstopdf Info: Source file: <content/pic/wrench_1000/theta.eps>
(epstopdf)                    date: 2018-08-10 14:14:56
(epstopdf)                    size: 98098 bytes
(epstopdf)             Output file: <content/pic/wrench_1000/theta-eps-converted-to.pdf>
(epstopdf)             Command: <epstopdf --outfile=content/pic/wrench_1000/theta-eps-converted-to.pdf content/pic/wrench_1000/theta.eps>
(epstopdf)             \includegraphics on input line 190.
runsystem(epstopdf --outfile=content/pic/wrench_1000/theta-eps-converted-to.pdf content/pic/wrench_1000/theta.eps)...executed.

Package epstopdf Info: Result file: <content/pic/wrench_1000/theta-eps-converted-to.pdf>
(epstopdf)                    date: 2018-08-10 17:17:33
(epstopdf)                    size: 28210 bytes.
 <content/pic/wrench_1000/theta-eps-converted-to.pdf, id=173, 465.74pt x 349.305pt>
File: content/pic/wrench_1000/theta-eps-converted-to.pdf Graphic file (type pdf)
 <use content/pic/wrench_1000/theta-eps-converted-to.pdf>
Package pdftex.def Info: content/pic/wrench_1000/theta-eps-converted-to.pdf used on input line 190.
(pdftex.def)             Requested size: 153.69467pt x 115.271pt.
Package epstopdf Info: Source file: <content/pic/wrench_1000/nus1.eps>
(epstopdf)                    date: 2018-08-10 14:14:56
(epstopdf)                    size: 857438 bytes
(epstopdf)             Output file: <content/pic/wrench_1000/nus1-eps-converted-to.pdf>
(epstopdf)             Command: <epstopdf --outfile=content/pic/wrench_1000/nus1-eps-converted-to.pdf content/pic/wrench_1000/nus1.eps>
(epstopdf)             \includegraphics on input line 197.
runsystem(epstopdf --outfile=content/pic/wrench_1000/nus1-eps-converted-to.pdf content/pic/wrench_1000/nus1.eps)...executed.

Package epstopdf Info: Result file: <content/pic/wrench_1000/nus1-eps-converted-to.pdf>
(epstopdf)                    date: 2018-08-10 17:17:34
(epstopdf)                    size: 173874 bytes.
 <content/pic/wrench_1000/nus1-eps-converted-to.pdf, id=174, 465.74pt x 349.305pt>
File: content/pic/wrench_1000/nus1-eps-converted-to.pdf Graphic file (type pdf)
 <use content/pic/wrench_1000/nus1-eps-converted-to.pdf>
Package pdftex.def Info: content/pic/wrench_1000/nus1-eps-converted-to.pdf used on input line 197.
(pdftex.def)             Requested size: 153.69467pt x 115.271pt.
Package epstopdf Info: Source file: <content/pic/wrench_1000/phi1.eps>
(epstopdf)                    date: 2018-08-10 14:14:56
(epstopdf)                    size: 548625 bytes
(epstopdf)             Output file: <content/pic/wrench_1000/phi1-eps-converted-to.pdf>
(epstopdf)             Command: <epstopdf --outfile=content/pic/wrench_1000/phi1-eps-converted-to.pdf content/pic/wrench_1000/phi1.eps>
(epstopdf)             \includegraphics on input line 204.
runsystem(epstopdf --outfile=content/pic/wrench_1000/phi1-eps-converted-to.pdf content/pic/wrench_1000/phi1.eps)...executed.

Package epstopdf Info: Result file: <content/pic/wrench_1000/phi1-eps-converted-to.pdf>
(epstopdf)                    date: 2018-08-10 17:17:35
(epstopdf)                    size: 93048 bytes.
 <content/pic/wrench_1000/phi1-eps-converted-to.pdf, id=175, 465.74pt x 349.305pt>
File: content/pic/wrench_1000/phi1-eps-converted-to.pdf Graphic file (type pdf)
 <use content/pic/wrench_1000/phi1-eps-converted-to.pdf>
Package pdftex.def Info: content/pic/wrench_1000/phi1-eps-converted-to.pdf used on input line 204.
(pdftex.def)             Requested size: 153.69467pt x 115.271pt.


LaTeX Warning: `h' float specifier changed to `ht'.

) (./content/parts/3_friction/1_intro.tex [32 <./content/pic/straight_60/kin_en.png> <./content/pic/straight_60/v.png> <./content/pic/straight_60/nus2.png> <./content/pic/straight_60/nu3.png> <./content/pic/straight_60/traj.png> <./content/pic/straight_60/nus1.png> <./content/pic/straight_60/xy.png> <./content/pic/straight_60/phi1.png> <./content/pic/straight_60/phi2.png>] [33 <./content/pic/wrench_1000/kin_en-eps-converted-to.pdf> <./content/pic/wrench_1000/v-eps-converted-to.pdf> <./content/pic/wrench_1000/nu3-eps-converted-to.pdf> <./content/pic/wrench_1000/traj-eps-converted-to.pdf> <./content/pic/wrench_1000/theta-eps-converted-to.pdf> <./content/pic/wrench_1000/nus1-eps-converted-to.pdf> <./content/pic/wrench_1000/phi1-eps-converted-to.pdf>]
{\Russian \CYRG \cyrl \cyra \cyrv \cyra } 3.
[34

]) (./content/parts/3_friction/2_flat.tex
Overfull \hbox (7.0891pt too wide) in paragraph at lines 1--1
[]\T2A/cmr/bx/n/20.74  --  ----- -
 []


LaTeX Warning: Reference `OmniWheel' on page 35 undefined on input line 5.

Package epstopdf Info: Source file: <content/parts/3_friction/nd/OmniWheel.eps>
(epstopdf)                    date: 2018-08-10 14:14:54
(epstopdf)                    size: 104075 bytes
(epstopdf)             Output file: <content/parts/3_friction/nd/OmniWheel-eps-converted-to.pdf>
(epstopdf)             Command: <epstopdf --outfile=content/parts/3_friction/nd/OmniWheel-eps-converted-to.pdf content/parts/3_friction/nd/OmniWheel.eps>
(epstopdf)             \includegraphics on input line 8.
runsystem(epstopdf --outfile=content/parts/3_friction/nd/OmniWheel-eps-converted-to.pdf content/parts/3_friction/nd/OmniWheel.eps)...executed.

Package epstopdf Info: Result file: <content/parts/3_friction/nd/OmniWheel-eps-converted-to.pdf>
(epstopdf)                    date: 2018-08-10 17:17:39
(epstopdf)                    size: 27498 bytes.
<content/parts/3_friction/nd/OmniWheel-eps-converted-to.pdf, id=230, 809.0225pt x 578.16pt>
File: content/parts/3_friction/nd/OmniWheel-eps-converted-to.pdf Graphic file (type pdf)
 <use content/parts/3_friction/nd/OmniWheel-eps-converted-to.pdf>
Package pdftex.def Info: content/parts/3_friction/nd/OmniWheel-eps-converted-to.pdf used on input line 8.
(pdftex.def)             Requested size: 369.88582pt x 264.33357pt.
 [35 <./content/parts/3_friction/nd/OmniWheel-eps-converted-to.pdf>]
Package epstopdf Info: Source file: <content/parts/3_friction/nd/Roller.eps>
(epstopdf)                    date: 2018-08-10 14:14:54
(epstopdf)                    size: 51700 bytes
(epstopdf)             Output file: <content/parts/3_friction/nd/Roller-eps-converted-to.pdf>
(epstopdf)             Command: <epstopdf --outfile=content/parts/3_friction/nd/Roller-eps-converted-to.pdf content/parts/3_friction/nd/Roller.eps>
(epstopdf)             \includegraphics on input line 58.
runsystem(epstopdf --outfile=content/parts/3_friction/nd/Roller-eps-converted-to.pdf content/parts/3_friction/nd/Roller.eps)...executed.

Package epstopdf Info: Result file: <content/parts/3_friction/nd/Roller-eps-converted-to.pdf>
(epstopdf)                    date: 2018-08-10 17:17:39
(epstopdf)                    size: 10651 bytes.
 <content/parts/3_friction/nd/Roller-eps-converted-to.pdf, id=237, 549.05125pt x 533.995pt>
File: content/parts/3_friction/nd/Roller-eps-converted-to.pdf Graphic file (type pdf)
 <use content/parts/3_friction/nd/Roller-eps-converted-to.pdf>
Package pdftex.def Info: content/parts/3_friction/nd/Roller-eps-converted-to.pdf used on input line 58.
(pdftex.def)             Requested size: 284.52756pt x 276.73381pt.


LaTeX Warning: Citation `Kosenko2007' on page 36 undefined on input line 64.


LaTeX Warning: Citation `KosenkoQuaternionRus' on page 36 undefined on input line 66.


LaTeX Warning: Citation `Kosenko1998' on page 36 undefined on input line 66.


LaTeX Warning: Citation `Kosenko2006' on page 36 undefined on input line 70.

[36]

LaTeX Warning: Reference `ContactScheme' on page 37 undefined on input line 79.


LaTeX Warning: Reference `ContactScheme' on page 37 undefined on input line 80.

Package epstopdf Info: Source file: <content/parts/3_friction/nd/RollerSection.eps>
(epstopdf)                    date: 2018-08-10 14:14:54
(epstopdf)                    size: 49867 bytes
(epstopdf)             Output file: <content/parts/3_friction/nd/RollerSection-eps-conv